2022-06-09 16:30:54,103 INFO    MainThread:16032 [internal.py:wandb_internal():93] W&B internal server running at pid: 16032, started at: 2022-06-09 16:30:54.102577
2022-06-09 16:30:54,106 INFO    WriterThread:16032 [datastore.py:open_for_write():75] open: /Users/zhangqiming/Desktop/RL_research/Reinforcement-Learning/project/wandb/run-20220609_163052-5btelola/run-5btelola.wandb
2022-06-09 16:30:54,108 DEBUG   SenderThread:16032 [sender.py:send():232] send: header
2022-06-09 16:30:54,108 DEBUG   SenderThread:16032 [sender.py:send():232] send: run
2022-06-09 16:30:55,529 INFO    SenderThread:16032 [dir_watcher.py:__init__():197] watching files in: /Users/zhangqiming/Desktop/RL_research/Reinforcement-Learning/project/wandb/run-20220609_163052-5btelola/files
2022-06-09 16:30:55,529 INFO    SenderThread:16032 [sender.py:_start_run_threads():814] run started: 5btelola with start time 1654806652
2022-06-09 16:30:55,529 DEBUG   SenderThread:16032 [sender.py:send():232] send: summary
2022-06-09 16:30:55,530 INFO    SenderThread:16032 [sender.py:_save_file():948] saving file wandb-summary.json with policy end
2022-06-09 16:30:55,552 DEBUG   HandlerThread:16032 [handler.py:handle_request():141] handle_request: check_version
2022-06-09 16:30:55,552 DEBUG   SenderThread:16032 [sender.py:send_request():246] send_request: check_version
2022-06-09 16:30:56,173 DEBUG   HandlerThread:16032 [handler.py:handle_request():141] handle_request: run_start
2022-06-09 16:30:56,175 DEBUG   HandlerThread:16032 [meta.py:__init__():35] meta init
2022-06-09 16:30:56,175 DEBUG   HandlerThread:16032 [meta.py:__init__():49] meta init done
2022-06-09 16:30:56,175 DEBUG   HandlerThread:16032 [meta.py:probe():209] probe
2022-06-09 16:30:56,176 DEBUG   HandlerThread:16032 [meta.py:_setup_git():199] setup git
2022-06-09 16:30:56,214 DEBUG   HandlerThread:16032 [meta.py:_setup_git():206] setup git done
2022-06-09 16:30:56,215 DEBUG   HandlerThread:16032 [meta.py:_save_pip():53] save pip
2022-06-09 16:30:56,216 DEBUG   HandlerThread:16032 [meta.py:_save_pip():67] save pip done
2022-06-09 16:30:56,216 DEBUG   HandlerThread:16032 [meta.py:_save_conda():74] save conda
2022-06-09 16:30:56,542 INFO    Thread-12 :16032 [dir_watcher.py:_on_file_created():244] file/dir created: /Users/zhangqiming/Desktop/RL_research/Reinforcement-Learning/project/wandb/run-20220609_163052-5btelola/files/requirements.txt
2022-06-09 16:30:56,543 INFO    Thread-12 :16032 [dir_watcher.py:_on_file_created():244] file/dir created: /Users/zhangqiming/Desktop/RL_research/Reinforcement-Learning/project/wandb/run-20220609_163052-5btelola/files/wandb-summary.json
2022-06-09 16:30:56,543 INFO    Thread-12 :16032 [dir_watcher.py:_on_file_created():244] file/dir created: /Users/zhangqiming/Desktop/RL_research/Reinforcement-Learning/project/wandb/run-20220609_163052-5btelola/files/conda-environment.yaml
2022-06-09 16:30:57,806 DEBUG   HandlerThread:16032 [meta.py:_save_conda():84] save conda done
2022-06-09 16:30:57,807 DEBUG   HandlerThread:16032 [meta.py:probe():247] probe done
2022-06-09 16:30:57,815 DEBUG   SenderThread:16032 [sender.py:send():232] send: files
2022-06-09 16:30:57,815 INFO    SenderThread:16032 [sender.py:_save_file():948] saving file wandb-metadata.json with policy now
2022-06-09 16:30:57,853 DEBUG   HandlerThread:16032 [handler.py:handle_request():141] handle_request: stop_status
2022-06-09 16:30:57,853 DEBUG   SenderThread:16032 [sender.py:send_request():246] send_request: stop_status
2022-06-09 16:30:58,543 INFO    Thread-12 :16032 [dir_watcher.py:_on_file_modified():257] file/dir modified: /Users/zhangqiming/Desktop/RL_research/Reinforcement-Learning/project/wandb/run-20220609_163052-5btelola/files/conda-environment.yaml
2022-06-09 16:30:58,544 INFO    Thread-12 :16032 [dir_watcher.py:_on_file_created():244] file/dir created: /Users/zhangqiming/Desktop/RL_research/Reinforcement-Learning/project/wandb/run-20220609_163052-5btelola/files/wandb-metadata.json
2022-06-09 16:30:58,544 INFO    Thread-12 :16032 [dir_watcher.py:_on_file_created():244] file/dir created: /Users/zhangqiming/Desktop/RL_research/Reinforcement-Learning/project/wandb/run-20220609_163052-5btelola/files/output.log
2022-06-09 16:30:59,189 DEBUG   SenderThread:16032 [sender.py:send():232] send: telemetry
2022-06-09 16:31:00,249 INFO    Thread-16 :16032 [upload_job.py:push():132] Uploaded file /var/folders/14/bvt96sfn1fb2lngbphsrng0m0000gn/T/tmpdzwdqw7rwandb/y5arbdio-wandb-metadata.json
2022-06-09 16:31:00,553 INFO    Thread-12 :16032 [dir_watcher.py:_on_file_modified():257] file/dir modified: /Users/zhangqiming/Desktop/RL_research/Reinforcement-Learning/project/wandb/run-20220609_163052-5btelola/files/output.log
2022-06-09 16:31:14,193 DEBUG   HandlerThread:16032 [handler.py:handle_request():141] handle_request: stop_status
2022-06-09 16:31:14,194 DEBUG   SenderThread:16032 [sender.py:send_request():246] send_request: stop_status
2022-06-09 16:31:28,099 DEBUG   SenderThread:16032 [sender.py:send():232] send: stats
2022-06-09 16:31:28,685 INFO    Thread-12 :16032 [dir_watcher.py:_on_file_modified():257] file/dir modified: /Users/zhangqiming/Desktop/RL_research/Reinforcement-Learning/project/wandb/run-20220609_163052-5btelola/files/config.yaml
2022-06-09 16:31:29,922 DEBUG   HandlerThread:16032 [handler.py:handle_request():141] handle_request: stop_status
2022-06-09 16:31:29,922 DEBUG   SenderThread:16032 [sender.py:send_request():246] send_request: stop_status
2022-06-09 16:31:49,425 DEBUG   HandlerThread:16032 [handler.py:handle_request():141] handle_request: stop_status
2022-06-09 16:31:49,426 DEBUG   SenderThread:16032 [sender.py:send_request():246] send_request: stop_status
2022-06-09 16:32:09,435 DEBUG   HandlerThread:16032 [handler.py:handle_request():141] handle_request: stop_status
2022-06-09 16:32:26,249 ERROR   SenderThread:16032 [retry.py:__call__():126] Retry attempt failed:
Traceback (most recent call last):
  File "/Users/zhangqiming/opt/anaconda3/envs/LtC/lib/python3.7/site-packages/urllib3/connection.py", line 175, in _new_conn
    (self._dns_host, self.port), self.timeout, **extra_kw
  File "/Users/zhangqiming/opt/anaconda3/envs/LtC/lib/python3.7/site-packages/urllib3/util/connection.py", line 95, in create_connection
    raise err
  File "/Users/zhangqiming/opt/anaconda3/envs/LtC/lib/python3.7/site-packages/urllib3/util/connection.py", line 85, in create_connection
    sock.connect(sa)
socket.timeout: timed out

During handling of the above exception, another exception occurred:

Traceback (most recent call last):
  File "/Users/zhangqiming/opt/anaconda3/envs/LtC/lib/python3.7/site-packages/urllib3/connectionpool.py", line 710, in urlopen
    chunked=chunked,
  File "/Users/zhangqiming/opt/anaconda3/envs/LtC/lib/python3.7/site-packages/urllib3/connectionpool.py", line 386, in _make_request
    self._validate_conn(conn)
  File "/Users/zhangqiming/opt/anaconda3/envs/LtC/lib/python3.7/site-packages/urllib3/connectionpool.py", line 1040, in _validate_conn
    conn.connect()
  File "/Users/zhangqiming/opt/anaconda3/envs/LtC/lib/python3.7/site-packages/urllib3/connection.py", line 358, in connect
    self.sock = conn = self._new_conn()
  File "/Users/zhangqiming/opt/anaconda3/envs/LtC/lib/python3.7/site-packages/urllib3/connection.py", line 182, in _new_conn
    % (self.host, self.timeout),
urllib3.exceptions.ConnectTimeoutError: (<urllib3.connection.HTTPSConnection object at 0x7fb98b58db50>, 'Connection to api.wandb.ai timed out. (connect timeout=10)')

During handling of the above exception, another exception occurred:

Traceback (most recent call last):
  File "/Users/zhangqiming/opt/anaconda3/envs/LtC/lib/python3.7/site-packages/requests/adapters.py", line 450, in send
    timeout=timeout
  File "/Users/zhangqiming/opt/anaconda3/envs/LtC/lib/python3.7/site-packages/urllib3/connectionpool.py", line 786, in urlopen
    method, url, error=e, _pool=self, _stacktrace=sys.exc_info()[2]
  File "/Users/zhangqiming/opt/anaconda3/envs/LtC/lib/python3.7/site-packages/urllib3/util/retry.py", line 592, in increment
    raise MaxRetryError(_pool, url, error or ResponseError(cause))
urllib3.exceptions.MaxRetryError: HTTPSConnectionPool(host='api.wandb.ai', port=443): Max retries exceeded with url: /graphql (Caused by ConnectTimeoutError(<urllib3.connection.HTTPSConnection object at 0x7fb98b58db50>, 'Connection to api.wandb.ai timed out. (connect timeout=10)'))

During handling of the above exception, another exception occurred:

Traceback (most recent call last):
  File "/Users/zhangqiming/opt/anaconda3/envs/LtC/lib/python3.7/site-packages/wandb/sdk/lib/retry.py", line 102, in __call__
    result = self._call_fn(*args, **kwargs)
  File "/Users/zhangqiming/opt/anaconda3/envs/LtC/lib/python3.7/site-packages/wandb/sdk/internal/internal_api.py", line 140, in execute
    return self.client.execute(*args, **kwargs)
  File "/Users/zhangqiming/opt/anaconda3/envs/LtC/lib/python3.7/site-packages/wandb/vendor/gql-0.2.0/wandb_gql/client.py", line 52, in execute
    result = self._get_result(document, *args, **kwargs)
  File "/Users/zhangqiming/opt/anaconda3/envs/LtC/lib/python3.7/site-packages/wandb/vendor/gql-0.2.0/wandb_gql/client.py", line 60, in _get_result
    return self.transport.execute(document, *args, **kwargs)
  File "/Users/zhangqiming/opt/anaconda3/envs/LtC/lib/python3.7/site-packages/wandb/vendor/gql-0.2.0/wandb_gql/transport/requests.py", line 38, in execute
    request = requests.post(self.url, **post_args)
  File "/Users/zhangqiming/opt/anaconda3/envs/LtC/lib/python3.7/site-packages/requests/api.py", line 117, in post
    return request('post', url, data=data, json=json, **kwargs)
  File "/Users/zhangqiming/opt/anaconda3/envs/LtC/lib/python3.7/site-packages/requests/api.py", line 61, in request
    return session.request(method=method, url=url, **kwargs)
  File "/Users/zhangqiming/opt/anaconda3/envs/LtC/lib/python3.7/site-packages/requests/sessions.py", line 529, in request
    resp = self.send(prep, **send_kwargs)
  File "/Users/zhangqiming/opt/anaconda3/envs/LtC/lib/python3.7/site-packages/requests/sessions.py", line 645, in send
    r = adapter.send(request, **kwargs)
  File "/Users/zhangqiming/opt/anaconda3/envs/LtC/lib/python3.7/site-packages/requests/adapters.py", line 507, in send
    raise ConnectTimeout(e, request=request)
requests.exceptions.ConnectTimeout: HTTPSConnectionPool(host='api.wandb.ai', port=443): Max retries exceeded with url: /graphql (Caused by ConnectTimeoutError(<urllib3.connection.HTTPSConnection object at 0x7fb98b58db50>, 'Connection to api.wandb.ai timed out. (connect timeout=10)'))
2022-06-09 16:32:29,446 DEBUG   HandlerThread:16032 [handler.py:handle_request():141] handle_request: stop_status
2022-06-09 16:32:49,452 DEBUG   HandlerThread:16032 [handler.py:handle_request():141] handle_request: stop_status
2022-06-09 16:33:09,460 DEBUG   HandlerThread:16032 [handler.py:handle_request():141] handle_request: stop_status
2022-06-09 16:33:29,470 DEBUG   HandlerThread:16032 [handler.py:handle_request():141] handle_request: stop_status
2022-06-09 16:33:49,480 DEBUG   HandlerThread:16032 [handler.py:handle_request():141] handle_request: stop_status
2022-06-09 16:34:09,488 DEBUG   HandlerThread:16032 [handler.py:handle_request():141] handle_request: stop_status
2022-06-09 16:34:15,385 DEBUG   SenderThread:16032 [sender.py:send():232] send: stats
2022-06-09 16:34:15,385 DEBUG   SenderThread:16032 [sender.py:send_request():246] send_request: stop_status
2022-06-09 16:34:29,493 DEBUG   HandlerThread:16032 [handler.py:handle_request():141] handle_request: stop_status
2022-06-09 16:34:49,501 DEBUG   HandlerThread:16032 [handler.py:handle_request():141] handle_request: stop_status
2022-06-09 16:35:07,882 ERROR   SenderThread:16032 [retry.py:__call__():126] Retry attempt failed:
Traceback (most recent call last):
  File "/Users/zhangqiming/opt/anaconda3/envs/LtC/lib/python3.7/site-packages/urllib3/connectionpool.py", line 710, in urlopen
    chunked=chunked,
  File "/Users/zhangqiming/opt/anaconda3/envs/LtC/lib/python3.7/site-packages/urllib3/connectionpool.py", line 449, in _make_request
    six.raise_from(e, None)
  File "<string>", line 3, in raise_from
  File "/Users/zhangqiming/opt/anaconda3/envs/LtC/lib/python3.7/site-packages/urllib3/connectionpool.py", line 444, in _make_request
    httplib_response = conn.getresponse()
  File "/Users/zhangqiming/opt/anaconda3/envs/LtC/lib/python3.7/http/client.py", line 1373, in getresponse
    response.begin()
  File "/Users/zhangqiming/opt/anaconda3/envs/LtC/lib/python3.7/http/client.py", line 319, in begin
    version, status, reason = self._read_status()
  File "/Users/zhangqiming/opt/anaconda3/envs/LtC/lib/python3.7/http/client.py", line 280, in _read_status
    line = str(self.fp.readline(_MAXLINE + 1), "iso-8859-1")
  File "/Users/zhangqiming/opt/anaconda3/envs/LtC/lib/python3.7/socket.py", line 589, in readinto
    return self._sock.recv_into(b)
  File "/Users/zhangqiming/opt/anaconda3/envs/LtC/lib/python3.7/ssl.py", line 1071, in recv_into
    return self.read(nbytes, buffer)
  File "/Users/zhangqiming/opt/anaconda3/envs/LtC/lib/python3.7/ssl.py", line 929, in read
    return self._sslobj.read(len, buffer)
ssl.SSLError: [SSL: KRB5_S_TKT_NYV] unexpected eof while reading (_ssl.c:2570)

During handling of the above exception, another exception occurred:

Traceback (most recent call last):
  File "/Users/zhangqiming/opt/anaconda3/envs/LtC/lib/python3.7/site-packages/requests/adapters.py", line 450, in send
    timeout=timeout
  File "/Users/zhangqiming/opt/anaconda3/envs/LtC/lib/python3.7/site-packages/urllib3/connectionpool.py", line 786, in urlopen
    method, url, error=e, _pool=self, _stacktrace=sys.exc_info()[2]
  File "/Users/zhangqiming/opt/anaconda3/envs/LtC/lib/python3.7/site-packages/urllib3/util/retry.py", line 592, in increment
    raise MaxRetryError(_pool, url, error or ResponseError(cause))
urllib3.exceptions.MaxRetryError: HTTPSConnectionPool(host='api.wandb.ai', port=443): Max retries exceeded with url: /graphql (Caused by SSLError(SSLError(1, '[SSL: KRB5_S_TKT_NYV] unexpected eof while reading (_ssl.c:2570)')))

During handling of the above exception, another exception occurred:

Traceback (most recent call last):
  File "/Users/zhangqiming/opt/anaconda3/envs/LtC/lib/python3.7/site-packages/wandb/sdk/lib/retry.py", line 102, in __call__
    result = self._call_fn(*args, **kwargs)
  File "/Users/zhangqiming/opt/anaconda3/envs/LtC/lib/python3.7/site-packages/wandb/sdk/internal/internal_api.py", line 140, in execute
    return self.client.execute(*args, **kwargs)
  File "/Users/zhangqiming/opt/anaconda3/envs/LtC/lib/python3.7/site-packages/wandb/vendor/gql-0.2.0/wandb_gql/client.py", line 52, in execute
    result = self._get_result(document, *args, **kwargs)
  File "/Users/zhangqiming/opt/anaconda3/envs/LtC/lib/python3.7/site-packages/wandb/vendor/gql-0.2.0/wandb_gql/client.py", line 60, in _get_result
    return self.transport.execute(document, *args, **kwargs)
  File "/Users/zhangqiming/opt/anaconda3/envs/LtC/lib/python3.7/site-packages/wandb/vendor/gql-0.2.0/wandb_gql/transport/requests.py", line 38, in execute
    request = requests.post(self.url, **post_args)
  File "/Users/zhangqiming/opt/anaconda3/envs/LtC/lib/python3.7/site-packages/requests/api.py", line 117, in post
    return request('post', url, data=data, json=json, **kwargs)
  File "/Users/zhangqiming/opt/anaconda3/envs/LtC/lib/python3.7/site-packages/requests/api.py", line 61, in request
    return session.request(method=method, url=url, **kwargs)
  File "/Users/zhangqiming/opt/anaconda3/envs/LtC/lib/python3.7/site-packages/requests/sessions.py", line 529, in request
    resp = self.send(prep, **send_kwargs)
  File "/Users/zhangqiming/opt/anaconda3/envs/LtC/lib/python3.7/site-packages/requests/sessions.py", line 645, in send
    r = adapter.send(request, **kwargs)
  File "/Users/zhangqiming/opt/anaconda3/envs/LtC/lib/python3.7/site-packages/requests/adapters.py", line 517, in send
    raise SSLError(e, request=request)
requests.exceptions.SSLError: HTTPSConnectionPool(host='api.wandb.ai', port=443): Max retries exceeded with url: /graphql (Caused by SSLError(SSLError(1, '[SSL: KRB5_S_TKT_NYV] unexpected eof while reading (_ssl.c:2570)')))
2022-06-09 16:35:09,511 DEBUG   HandlerThread:16032 [handler.py:handle_request():141] handle_request: stop_status
2022-06-09 16:35:29,518 DEBUG   HandlerThread:16032 [handler.py:handle_request():141] handle_request: stop_status
2022-06-09 16:35:49,527 DEBUG   HandlerThread:16032 [handler.py:handle_request():141] handle_request: stop_status
2022-06-09 16:36:07,709 DEBUG   SenderThread:16032 [sender.py:send():232] send: stats
2022-06-09 16:36:07,710 DEBUG   SenderThread:16032 [sender.py:send_request():246] send_request: stop_status
2022-06-09 16:36:07,975 DEBUG   SenderThread:16032 [sender.py:send_request():246] send_request: stop_status
2022-06-09 16:36:08,113 DEBUG   SenderThread:16032 [sender.py:send():232] send: stats
2022-06-09 16:36:08,114 DEBUG   SenderThread:16032 [sender.py:send_request():246] send_request: stop_status
2022-06-09 16:36:08,268 DEBUG   SenderThread:16032 [sender.py:send_request():246] send_request: stop_status
2022-06-09 16:36:08,485 DEBUG   SenderThread:16032 [sender.py:send():232] send: stats
2022-06-09 16:36:08,486 DEBUG   SenderThread:16032 [sender.py:send_request():246] send_request: stop_status
2022-06-09 16:36:08,616 DEBUG   SenderThread:16032 [sender.py:send():232] send: stats
2022-06-09 16:36:08,617 DEBUG   SenderThread:16032 [sender.py:send_request():246] send_request: stop_status
2022-06-09 16:36:08,751 DEBUG   SenderThread:16032 [sender.py:send_request():246] send_request: stop_status
2022-06-09 16:36:08,888 DEBUG   SenderThread:16032 [sender.py:send():232] send: stats
2022-06-09 16:36:08,889 DEBUG   SenderThread:16032 [sender.py:send_request():246] send_request: stop_status
2022-06-09 16:36:09,060 DEBUG   SenderThread:16032 [sender.py:send():232] send: stats
2022-06-09 16:36:09,061 DEBUG   SenderThread:16032 [sender.py:send_request():246] send_request: stop_status
2022-06-09 16:36:09,195 DEBUG   SenderThread:16032 [sender.py:send_request():246] send_request: stop_status
2022-06-09 16:36:09,331 DEBUG   SenderThread:16032 [sender.py:send():232] send: stats
2022-06-09 16:36:09,332 DEBUG   SenderThread:16032 [sender.py:send_request():246] send_request: stop_status
2022-06-09 16:36:09,526 DEBUG   HandlerThread:16032 [handler.py:handle_request():141] handle_request: stop_status
2022-06-09 16:36:09,531 DEBUG   SenderThread:16032 [sender.py:send():232] send: stats
2022-06-09 16:36:09,532 DEBUG   SenderThread:16032 [sender.py:send_request():246] send_request: stop_status
2022-06-09 16:36:24,676 DEBUG   HandlerThread:16032 [handler.py:handle_request():141] handle_request: stop_status
2022-06-09 16:36:24,676 DEBUG   SenderThread:16032 [sender.py:send_request():246] send_request: stop_status
2022-06-09 16:36:36,234 DEBUG   SenderThread:16032 [sender.py:send():232] send: stats
2022-06-09 16:36:39,877 DEBUG   HandlerThread:16032 [handler.py:handle_request():141] handle_request: stop_status
2022-06-09 16:36:39,877 DEBUG   SenderThread:16032 [sender.py:send_request():246] send_request: stop_status
2022-06-09 16:36:55,065 DEBUG   HandlerThread:16032 [handler.py:handle_request():141] handle_request: stop_status
2022-06-09 16:36:55,066 DEBUG   SenderThread:16032 [sender.py:send_request():246] send_request: stop_status
2022-06-09 16:37:07,330 DEBUG   SenderThread:16032 [sender.py:send():232] send: stats
2022-06-09 16:37:10,283 DEBUG   HandlerThread:16032 [handler.py:handle_request():141] handle_request: stop_status
2022-06-09 16:37:10,284 DEBUG   SenderThread:16032 [sender.py:send_request():246] send_request: stop_status
2022-06-09 16:37:25,489 DEBUG   HandlerThread:16032 [handler.py:handle_request():141] handle_request: stop_status
2022-06-09 16:37:25,490 DEBUG   SenderThread:16032 [sender.py:send_request():246] send_request: stop_status
2022-06-09 16:37:38,424 DEBUG   SenderThread:16032 [sender.py:send():232] send: stats
2022-06-09 16:37:40,778 DEBUG   HandlerThread:16032 [handler.py:handle_request():141] handle_request: stop_status
2022-06-09 16:37:40,779 DEBUG   SenderThread:16032 [sender.py:send_request():246] send_request: stop_status
2022-06-09 16:37:55,917 DEBUG   HandlerThread:16032 [handler.py:handle_request():141] handle_request: stop_status
2022-06-09 16:37:55,917 DEBUG   SenderThread:16032 [sender.py:send_request():246] send_request: stop_status
2022-06-09 16:38:09,515 DEBUG   SenderThread:16032 [sender.py:send():232] send: stats
2022-06-09 16:38:11,126 DEBUG   HandlerThread:16032 [handler.py:handle_request():141] handle_request: stop_status
2022-06-09 16:38:11,126 DEBUG   SenderThread:16032 [sender.py:send_request():246] send_request: stop_status
2022-06-09 16:38:26,339 DEBUG   HandlerThread:16032 [handler.py:handle_request():141] handle_request: stop_status
2022-06-09 16:38:26,339 DEBUG   SenderThread:16032 [sender.py:send_request():246] send_request: stop_status
2022-06-09 16:38:40,586 DEBUG   SenderThread:16032 [sender.py:send():232] send: stats
2022-06-09 16:38:41,612 DEBUG   HandlerThread:16032 [handler.py:handle_request():141] handle_request: stop_status
2022-06-09 16:38:41,614 DEBUG   SenderThread:16032 [sender.py:send_request():246] send_request: stop_status
2022-06-09 16:38:56,752 DEBUG   HandlerThread:16032 [handler.py:handle_request():141] handle_request: stop_status
2022-06-09 16:38:56,753 DEBUG   SenderThread:16032 [sender.py:send_request():246] send_request: stop_status
2022-06-09 16:39:11,549 DEBUG   SenderThread:16032 [sender.py:send():232] send: stats
2022-06-09 16:39:11,968 DEBUG   HandlerThread:16032 [handler.py:handle_request():141] handle_request: stop_status
2022-06-09 16:39:11,968 DEBUG   SenderThread:16032 [sender.py:send_request():246] send_request: stop_status
2022-06-09 16:39:27,173 DEBUG   HandlerThread:16032 [handler.py:handle_request():141] handle_request: stop_status
2022-06-09 16:39:27,174 DEBUG   SenderThread:16032 [sender.py:send_request():246] send_request: stop_status
2022-06-09 16:39:42,381 DEBUG   HandlerThread:16032 [handler.py:handle_request():141] handle_request: stop_status
2022-06-09 16:39:42,382 DEBUG   SenderThread:16032 [sender.py:send_request():246] send_request: stop_status
2022-06-09 16:39:42,601 DEBUG   SenderThread:16032 [sender.py:send():232] send: stats
2022-06-09 16:39:57,610 DEBUG   HandlerThread:16032 [handler.py:handle_request():141] handle_request: stop_status
2022-06-09 16:39:57,610 DEBUG   SenderThread:16032 [sender.py:send_request():246] send_request: stop_status
2022-06-09 16:40:12,783 DEBUG   HandlerThread:16032 [handler.py:handle_request():141] handle_request: stop_status
2022-06-09 16:40:12,784 DEBUG   SenderThread:16032 [sender.py:send_request():246] send_request: stop_status
2022-06-09 16:40:13,542 DEBUG   SenderThread:16032 [sender.py:send():232] send: stats
2022-06-09 16:40:28,013 DEBUG   HandlerThread:16032 [handler.py:handle_request():141] handle_request: stop_status
2022-06-09 16:40:28,014 DEBUG   SenderThread:16032 [sender.py:send_request():246] send_request: stop_status
2022-06-09 16:40:43,242 DEBUG   HandlerThread:16032 [handler.py:handle_request():141] handle_request: stop_status
2022-06-09 16:40:43,242 DEBUG   SenderThread:16032 [sender.py:send_request():246] send_request: stop_status
2022-06-09 16:40:44,555 DEBUG   SenderThread:16032 [sender.py:send():232] send: stats
2022-06-09 16:40:59,044 DEBUG   HandlerThread:16032 [handler.py:handle_request():141] handle_request: stop_status
2022-06-09 16:40:59,044 DEBUG   SenderThread:16032 [sender.py:send_request():246] send_request: stop_status
2022-06-09 16:41:14,770 DEBUG   HandlerThread:16032 [handler.py:handle_request():141] handle_request: stop_status
2022-06-09 16:41:14,770 DEBUG   SenderThread:16032 [sender.py:send_request():246] send_request: stop_status
2022-06-09 16:41:15,563 DEBUG   SenderThread:16032 [sender.py:send():232] send: stats
2022-06-09 16:41:29,936 DEBUG   HandlerThread:16032 [handler.py:handle_request():141] handle_request: stop_status
2022-06-09 16:41:29,937 DEBUG   SenderThread:16032 [sender.py:send_request():246] send_request: stop_status
2022-06-09 16:41:45,232 DEBUG   HandlerThread:16032 [handler.py:handle_request():141] handle_request: stop_status
2022-06-09 16:41:45,233 DEBUG   SenderThread:16032 [sender.py:send_request():246] send_request: stop_status
2022-06-09 16:41:46,580 DEBUG   SenderThread:16032 [sender.py:send():232] send: stats
2022-06-09 16:42:00,379 DEBUG   HandlerThread:16032 [handler.py:handle_request():141] handle_request: stop_status
2022-06-09 16:42:00,380 DEBUG   SenderThread:16032 [sender.py:send_request():246] send_request: stop_status
2022-06-09 16:42:15,556 DEBUG   HandlerThread:16032 [handler.py:handle_request():141] handle_request: stop_status
2022-06-09 16:42:15,557 DEBUG   SenderThread:16032 [sender.py:send_request():246] send_request: stop_status
2022-06-09 16:42:17,639 DEBUG   SenderThread:16032 [sender.py:send():232] send: stats
2022-06-09 16:42:30,703 DEBUG   HandlerThread:16032 [handler.py:handle_request():141] handle_request: stop_status
2022-06-09 16:42:30,703 DEBUG   SenderThread:16032 [sender.py:send_request():246] send_request: stop_status
2022-06-09 16:42:45,845 DEBUG   HandlerThread:16032 [handler.py:handle_request():141] handle_request: stop_status
2022-06-09 16:42:45,845 DEBUG   SenderThread:16032 [sender.py:send_request():246] send_request: stop_status
2022-06-09 16:42:48,666 DEBUG   SenderThread:16032 [sender.py:send():232] send: stats
2022-06-09 16:43:00,982 DEBUG   HandlerThread:16032 [handler.py:handle_request():141] handle_request: stop_status
2022-06-09 16:43:00,983 DEBUG   SenderThread:16032 [sender.py:send_request():246] send_request: stop_status
2022-06-09 16:43:16,182 DEBUG   HandlerThread:16032 [handler.py:handle_request():141] handle_request: stop_status
2022-06-09 16:43:16,183 DEBUG   SenderThread:16032 [sender.py:send_request():246] send_request: stop_status
2022-06-09 16:43:19,674 DEBUG   SenderThread:16032 [sender.py:send():232] send: stats
2022-06-09 16:43:31,418 DEBUG   HandlerThread:16032 [handler.py:handle_request():141] handle_request: stop_status
2022-06-09 16:43:31,419 DEBUG   SenderThread:16032 [sender.py:send_request():246] send_request: stop_status
2022-06-09 16:43:46,615 DEBUG   HandlerThread:16032 [handler.py:handle_request():141] handle_request: stop_status
2022-06-09 16:43:46,616 DEBUG   SenderThread:16032 [sender.py:send_request():246] send_request: stop_status
2022-06-09 16:43:50,721 DEBUG   SenderThread:16032 [sender.py:send():232] send: stats
2022-06-09 16:44:01,815 DEBUG   HandlerThread:16032 [handler.py:handle_request():141] handle_request: stop_status
2022-06-09 16:44:01,815 DEBUG   SenderThread:16032 [sender.py:send_request():246] send_request: stop_status
2022-06-09 16:44:17,025 DEBUG   HandlerThread:16032 [handler.py:handle_request():141] handle_request: stop_status
2022-06-09 16:44:17,026 DEBUG   SenderThread:16032 [sender.py:send_request():246] send_request: stop_status
2022-06-09 16:44:21,785 DEBUG   SenderThread:16032 [sender.py:send():232] send: stats
2022-06-09 16:44:32,430 DEBUG   HandlerThread:16032 [handler.py:handle_request():141] handle_request: stop_status
2022-06-09 16:44:32,431 DEBUG   SenderThread:16032 [sender.py:send_request():246] send_request: stop_status
2022-06-09 16:44:47,589 DEBUG   HandlerThread:16032 [handler.py:handle_request():141] handle_request: stop_status
2022-06-09 16:44:47,590 DEBUG   SenderThread:16032 [sender.py:send_request():246] send_request: stop_status
2022-06-09 16:44:52,791 DEBUG   SenderThread:16032 [sender.py:send():232] send: stats
2022-06-09 16:45:02,725 DEBUG   HandlerThread:16032 [handler.py:handle_request():141] handle_request: stop_status
2022-06-09 16:45:02,726 DEBUG   SenderThread:16032 [sender.py:send_request():246] send_request: stop_status
2022-06-09 16:45:17,870 DEBUG   HandlerThread:16032 [handler.py:handle_request():141] handle_request: stop_status
2022-06-09 16:45:17,871 DEBUG   SenderThread:16032 [sender.py:send_request():246] send_request: stop_status
2022-06-09 16:45:23,781 DEBUG   SenderThread:16032 [sender.py:send():232] send: stats
2022-06-09 16:45:33,495 DEBUG   HandlerThread:16032 [handler.py:handle_request():141] handle_request: stop_status
2022-06-09 16:45:33,495 DEBUG   SenderThread:16032 [sender.py:send_request():246] send_request: stop_status
2022-06-09 16:45:48,714 DEBUG   HandlerThread:16032 [handler.py:handle_request():141] handle_request: stop_status
2022-06-09 16:45:48,715 DEBUG   SenderThread:16032 [sender.py:send_request():246] send_request: stop_status
2022-06-09 16:45:54,787 DEBUG   SenderThread:16032 [sender.py:send():232] send: stats
2022-06-09 16:46:03,928 DEBUG   HandlerThread:16032 [handler.py:handle_request():141] handle_request: stop_status
2022-06-09 16:46:03,929 DEBUG   SenderThread:16032 [sender.py:send_request():246] send_request: stop_status
2022-06-09 16:46:19,682 DEBUG   HandlerThread:16032 [handler.py:handle_request():141] handle_request: stop_status
2022-06-09 16:46:19,682 DEBUG   SenderThread:16032 [sender.py:send_request():246] send_request: stop_status
2022-06-09 16:46:25,799 DEBUG   SenderThread:16032 [sender.py:send():232] send: stats
2022-06-09 16:46:34,861 DEBUG   HandlerThread:16032 [handler.py:handle_request():141] handle_request: stop_status
2022-06-09 16:46:34,861 DEBUG   SenderThread:16032 [sender.py:send_request():246] send_request: stop_status
2022-06-09 16:46:50,069 DEBUG   HandlerThread:16032 [handler.py:handle_request():141] handle_request: stop_status
2022-06-09 16:46:50,069 DEBUG   SenderThread:16032 [sender.py:send_request():246] send_request: stop_status
2022-06-09 16:46:56,788 DEBUG   SenderThread:16032 [sender.py:send():232] send: stats
2022-06-09 16:47:05,292 DEBUG   HandlerThread:16032 [handler.py:handle_request():141] handle_request: stop_status
2022-06-09 16:47:05,292 DEBUG   SenderThread:16032 [sender.py:send_request():246] send_request: stop_status
2022-06-09 16:47:20,817 DEBUG   HandlerThread:16032 [handler.py:handle_request():141] handle_request: stop_status
2022-06-09 16:47:20,818 DEBUG   SenderThread:16032 [sender.py:send_request():246] send_request: stop_status
2022-06-09 16:47:27,810 DEBUG   SenderThread:16032 [sender.py:send():232] send: stats
2022-06-09 16:47:35,959 DEBUG   HandlerThread:16032 [handler.py:handle_request():141] handle_request: stop_status
2022-06-09 16:47:35,959 DEBUG   SenderThread:16032 [sender.py:send_request():246] send_request: stop_status
2022-06-09 16:47:51,098 DEBUG   HandlerThread:16032 [handler.py:handle_request():141] handle_request: stop_status
2022-06-09 16:47:51,098 DEBUG   SenderThread:16032 [sender.py:send_request():246] send_request: stop_status
2022-06-09 16:47:58,920 DEBUG   SenderThread:16032 [sender.py:send():232] send: stats
2022-06-09 16:48:06,233 DEBUG   HandlerThread:16032 [handler.py:handle_request():141] handle_request: stop_status
2022-06-09 16:48:06,234 DEBUG   SenderThread:16032 [sender.py:send_request():246] send_request: stop_status
2022-06-09 16:48:21,395 DEBUG   HandlerThread:16032 [handler.py:handle_request():141] handle_request: stop_status
2022-06-09 16:48:21,396 DEBUG   SenderThread:16032 [sender.py:send_request():246] send_request: stop_status
2022-06-09 16:48:29,960 DEBUG   SenderThread:16032 [sender.py:send():232] send: stats
2022-06-09 16:48:36,754 DEBUG   HandlerThread:16032 [handler.py:handle_request():141] handle_request: stop_status
2022-06-09 16:48:36,755 DEBUG   SenderThread:16032 [sender.py:send_request():246] send_request: stop_status
2022-06-09 16:48:51,903 DEBUG   HandlerThread:16032 [handler.py:handle_request():141] handle_request: stop_status
2022-06-09 16:48:51,904 DEBUG   SenderThread:16032 [sender.py:send_request():246] send_request: stop_status
2022-06-09 16:49:00,871 DEBUG   SenderThread:16032 [sender.py:send():232] send: stats
2022-06-09 16:49:07,044 DEBUG   HandlerThread:16032 [handler.py:handle_request():141] handle_request: stop_status
2022-06-09 16:49:07,045 DEBUG   SenderThread:16032 [sender.py:send_request():246] send_request: stop_status
2022-06-09 16:49:22,224 DEBUG   HandlerThread:16032 [handler.py:handle_request():141] handle_request: stop_status
2022-06-09 16:49:22,224 DEBUG   SenderThread:16032 [sender.py:send_request():246] send_request: stop_status
2022-06-09 16:49:31,876 DEBUG   SenderThread:16032 [sender.py:send():232] send: stats
2022-06-09 16:49:37,427 DEBUG   HandlerThread:16032 [handler.py:handle_request():141] handle_request: stop_status
2022-06-09 16:49:37,428 DEBUG   SenderThread:16032 [sender.py:send_request():246] send_request: stop_status
2022-06-09 16:49:53,271 DEBUG   HandlerThread:16032 [handler.py:handle_request():141] handle_request: stop_status
2022-06-09 16:49:53,272 DEBUG   SenderThread:16032 [sender.py:send_request():246] send_request: stop_status
2022-06-09 16:50:02,888 DEBUG   SenderThread:16032 [sender.py:send():232] send: stats
2022-06-09 16:50:08,416 DEBUG   HandlerThread:16032 [handler.py:handle_request():141] handle_request: stop_status
2022-06-09 16:50:08,417 DEBUG   SenderThread:16032 [sender.py:send_request():246] send_request: stop_status
2022-06-09 16:50:23,726 DEBUG   HandlerThread:16032 [handler.py:handle_request():141] handle_request: stop_status
2022-06-09 16:50:23,726 DEBUG   SenderThread:16032 [sender.py:send_request():246] send_request: stop_status
2022-06-09 16:50:33,922 DEBUG   SenderThread:16032 [sender.py:send():232] send: stats
2022-06-09 16:50:39,981 DEBUG   HandlerThread:16032 [handler.py:handle_request():141] handle_request: stop_status
2022-06-09 16:50:39,981 DEBUG   SenderThread:16032 [sender.py:send_request():246] send_request: stop_status
2022-06-09 16:50:55,134 DEBUG   HandlerThread:16032 [handler.py:handle_request():141] handle_request: stop_status
2022-06-09 16:50:55,135 DEBUG   SenderThread:16032 [sender.py:send_request():246] send_request: stop_status
2022-06-09 16:51:04,832 DEBUG   SenderThread:16032 [sender.py:send():232] send: stats
2022-06-09 16:51:10,266 DEBUG   HandlerThread:16032 [handler.py:handle_request():141] handle_request: stop_status
2022-06-09 16:51:10,268 DEBUG   SenderThread:16032 [sender.py:send_request():246] send_request: stop_status
2022-06-09 16:51:25,876 DEBUG   HandlerThread:16032 [handler.py:handle_request():141] handle_request: stop_status
2022-06-09 16:51:25,876 DEBUG   SenderThread:16032 [sender.py:send_request():246] send_request: stop_status
2022-06-09 16:51:35,882 DEBUG   SenderThread:16032 [sender.py:send():232] send: stats
2022-06-09 16:51:41,070 DEBUG   HandlerThread:16032 [handler.py:handle_request():141] handle_request: stop_status
2022-06-09 16:51:41,071 DEBUG   SenderThread:16032 [sender.py:send_request():246] send_request: stop_status
2022-06-09 16:51:56,273 DEBUG   HandlerThread:16032 [handler.py:handle_request():141] handle_request: stop_status
2022-06-09 16:51:56,273 DEBUG   SenderThread:16032 [sender.py:send_request():246] send_request: stop_status
2022-06-09 16:52:06,891 DEBUG   SenderThread:16032 [sender.py:send():232] send: stats
2022-06-09 16:52:11,474 DEBUG   HandlerThread:16032 [handler.py:handle_request():141] handle_request: stop_status
2022-06-09 16:52:11,474 DEBUG   SenderThread:16032 [sender.py:send_request():246] send_request: stop_status
2022-06-09 16:52:26,684 DEBUG   HandlerThread:16032 [handler.py:handle_request():141] handle_request: stop_status
2022-06-09 16:52:26,684 DEBUG   SenderThread:16032 [sender.py:send_request():246] send_request: stop_status
2022-06-09 16:52:37,878 DEBUG   SenderThread:16032 [sender.py:send():232] send: stats
2022-06-09 16:52:41,896 DEBUG   HandlerThread:16032 [handler.py:handle_request():141] handle_request: stop_status
2022-06-09 16:52:41,897 DEBUG   SenderThread:16032 [sender.py:send_request():246] send_request: stop_status
2022-06-09 16:52:57,121 DEBUG   HandlerThread:16032 [handler.py:handle_request():141] handle_request: stop_status
2022-06-09 16:52:57,121 DEBUG   SenderThread:16032 [sender.py:send_request():246] send_request: stop_status
2022-06-09 16:53:08,877 DEBUG   SenderThread:16032 [sender.py:send():232] send: stats
2022-06-09 16:53:12,323 DEBUG   HandlerThread:16032 [handler.py:handle_request():141] handle_request: stop_status
2022-06-09 16:53:12,324 DEBUG   SenderThread:16032 [sender.py:send_request():246] send_request: stop_status
2022-06-09 16:53:27,525 DEBUG   HandlerThread:16032 [handler.py:handle_request():141] handle_request: stop_status
2022-06-09 16:53:27,525 DEBUG   SenderThread:16032 [sender.py:send_request():246] send_request: stop_status
2022-06-09 16:53:39,858 DEBUG   SenderThread:16032 [sender.py:send():232] send: stats
2022-06-09 16:53:42,745 DEBUG   HandlerThread:16032 [handler.py:handle_request():141] handle_request: stop_status
2022-06-09 16:53:42,746 DEBUG   SenderThread:16032 [sender.py:send_request():246] send_request: stop_status
2022-06-09 16:53:57,948 DEBUG   HandlerThread:16032 [handler.py:handle_request():141] handle_request: stop_status
2022-06-09 16:53:57,948 DEBUG   SenderThread:16032 [sender.py:send_request():246] send_request: stop_status
2022-06-09 16:54:10,840 DEBUG   SenderThread:16032 [sender.py:send():232] send: stats
2022-06-09 16:54:13,151 DEBUG   HandlerThread:16032 [handler.py:handle_request():141] handle_request: stop_status
2022-06-09 16:54:13,152 DEBUG   SenderThread:16032 [sender.py:send_request():246] send_request: stop_status
2022-06-09 16:54:28,363 DEBUG   HandlerThread:16032 [handler.py:handle_request():141] handle_request: stop_status
2022-06-09 16:54:28,364 DEBUG   SenderThread:16032 [sender.py:send_request():246] send_request: stop_status
2022-06-09 16:54:41,892 DEBUG   SenderThread:16032 [sender.py:send():232] send: stats
2022-06-09 16:54:43,566 DEBUG   HandlerThread:16032 [handler.py:handle_request():141] handle_request: stop_status
2022-06-09 16:54:43,566 DEBUG   SenderThread:16032 [sender.py:send_request():246] send_request: stop_status
2022-06-09 16:54:58,775 DEBUG   HandlerThread:16032 [handler.py:handle_request():141] handle_request: stop_status
2022-06-09 16:54:58,776 DEBUG   SenderThread:16032 [sender.py:send_request():246] send_request: stop_status
2022-06-09 16:55:12,841 DEBUG   SenderThread:16032 [sender.py:send():232] send: stats
2022-06-09 16:55:13,977 DEBUG   HandlerThread:16032 [handler.py:handle_request():141] handle_request: stop_status
2022-06-09 16:55:13,978 DEBUG   SenderThread:16032 [sender.py:send_request():246] send_request: stop_status
2022-06-09 16:55:29,351 DEBUG   HandlerThread:16032 [handler.py:handle_request():141] handle_request: stop_status
2022-06-09 16:55:29,351 DEBUG   SenderThread:16032 [sender.py:send_request():246] send_request: stop_status
2022-06-09 16:55:43,879 DEBUG   SenderThread:16032 [sender.py:send():232] send: stats
2022-06-09 16:55:44,528 DEBUG   HandlerThread:16032 [handler.py:handle_request():141] handle_request: stop_status
2022-06-09 16:55:44,528 DEBUG   SenderThread:16032 [sender.py:send_request():246] send_request: stop_status
2022-06-09 16:55:59,821 DEBUG   HandlerThread:16032 [handler.py:handle_request():141] handle_request: stop_status
2022-06-09 16:55:59,821 DEBUG   SenderThread:16032 [sender.py:send_request():246] send_request: stop_status
2022-06-09 16:56:14,946 DEBUG   SenderThread:16032 [sender.py:send():232] send: stats
2022-06-09 16:56:14,969 DEBUG   HandlerThread:16032 [handler.py:handle_request():141] handle_request: stop_status
2022-06-09 16:56:14,969 DEBUG   SenderThread:16032 [sender.py:send_request():246] send_request: stop_status
2022-06-09 16:56:30,106 DEBUG   HandlerThread:16032 [handler.py:handle_request():141] handle_request: stop_status
2022-06-09 16:56:30,107 DEBUG   SenderThread:16032 [sender.py:send_request():246] send_request: stop_status
2022-06-09 16:56:45,273 DEBUG   HandlerThread:16032 [handler.py:handle_request():141] handle_request: stop_status
2022-06-09 16:56:45,274 DEBUG   SenderThread:16032 [sender.py:send_request():246] send_request: stop_status
2022-06-09 16:56:46,047 DEBUG   SenderThread:16032 [sender.py:send():232] send: stats
2022-06-09 16:57:00,468 DEBUG   HandlerThread:16032 [handler.py:handle_request():141] handle_request: stop_status
2022-06-09 16:57:00,468 DEBUG   SenderThread:16032 [sender.py:send_request():246] send_request: stop_status
2022-06-09 16:57:15,669 DEBUG   HandlerThread:16032 [handler.py:handle_request():141] handle_request: stop_status
2022-06-09 16:57:15,669 DEBUG   SenderThread:16032 [sender.py:send_request():246] send_request: stop_status
2022-06-09 16:57:17,050 DEBUG   SenderThread:16032 [sender.py:send():232] send: stats
2022-06-09 16:57:30,885 DEBUG   HandlerThread:16032 [handler.py:handle_request():141] handle_request: stop_status
2022-06-09 16:57:30,886 DEBUG   SenderThread:16032 [sender.py:send_request():246] send_request: stop_status
2022-06-09 16:57:46,091 DEBUG   HandlerThread:16032 [handler.py:handle_request():141] handle_request: stop_status
2022-06-09 16:57:46,092 DEBUG   SenderThread:16032 [sender.py:send_request():246] send_request: stop_status
2022-06-09 16:57:48,083 DEBUG   SenderThread:16032 [sender.py:send():232] send: stats
2022-06-09 16:58:01,306 DEBUG   HandlerThread:16032 [handler.py:handle_request():141] handle_request: stop_status
2022-06-09 16:58:01,307 DEBUG   SenderThread:16032 [sender.py:send_request():246] send_request: stop_status
2022-06-09 16:58:16,657 DEBUG   HandlerThread:16032 [handler.py:handle_request():141] handle_request: stop_status
2022-06-09 16:58:16,658 DEBUG   SenderThread:16032 [sender.py:send_request():246] send_request: stop_status
2022-06-09 16:58:19,060 DEBUG   SenderThread:16032 [sender.py:send():232] send: stats
2022-06-09 16:58:31,851 DEBUG   HandlerThread:16032 [handler.py:handle_request():141] handle_request: stop_status
2022-06-09 16:58:31,852 DEBUG   SenderThread:16032 [sender.py:send_request():246] send_request: stop_status
2022-06-09 16:58:47,535 DEBUG   HandlerThread:16032 [handler.py:handle_request():141] handle_request: stop_status
2022-06-09 16:58:47,535 DEBUG   SenderThread:16032 [sender.py:send_request():246] send_request: stop_status
2022-06-09 16:58:50,017 DEBUG   SenderThread:16032 [sender.py:send():232] send: stats
2022-06-09 16:59:02,680 DEBUG   HandlerThread:16032 [handler.py:handle_request():141] handle_request: stop_status
2022-06-09 16:59:02,681 DEBUG   SenderThread:16032 [sender.py:send_request():246] send_request: stop_status
2022-06-09 16:59:17,830 DEBUG   HandlerThread:16032 [handler.py:handle_request():141] handle_request: stop_status
2022-06-09 16:59:17,831 DEBUG   SenderThread:16032 [sender.py:send_request():246] send_request: stop_status
2022-06-09 16:59:21,041 DEBUG   SenderThread:16032 [sender.py:send():232] send: stats
2022-06-09 16:59:32,985 DEBUG   HandlerThread:16032 [handler.py:handle_request():141] handle_request: stop_status
2022-06-09 16:59:32,986 DEBUG   SenderThread:16032 [sender.py:send_request():246] send_request: stop_status
2022-06-09 16:59:48,155 DEBUG   HandlerThread:16032 [handler.py:handle_request():141] handle_request: stop_status
2022-06-09 16:59:48,155 DEBUG   SenderThread:16032 [sender.py:send_request():246] send_request: stop_status
2022-06-09 16:59:52,033 DEBUG   SenderThread:16032 [sender.py:send():232] send: stats
2022-06-09 17:00:03,297 DEBUG   HandlerThread:16032 [handler.py:handle_request():141] handle_request: stop_status
2022-06-09 17:00:03,298 DEBUG   SenderThread:16032 [sender.py:send_request():246] send_request: stop_status
2022-06-09 17:00:18,468 DEBUG   HandlerThread:16032 [handler.py:handle_request():141] handle_request: stop_status
2022-06-09 17:00:18,469 DEBUG   SenderThread:16032 [sender.py:send_request():246] send_request: stop_status
2022-06-09 17:00:23,081 DEBUG   SenderThread:16032 [sender.py:send():232] send: stats
2022-06-09 17:00:33,666 DEBUG   HandlerThread:16032 [handler.py:handle_request():141] handle_request: stop_status
2022-06-09 17:00:33,667 DEBUG   SenderThread:16032 [sender.py:send_request():246] send_request: stop_status
2022-06-09 17:00:48,886 DEBUG   HandlerThread:16032 [handler.py:handle_request():141] handle_request: stop_status
2022-06-09 17:00:48,886 DEBUG   SenderThread:16032 [sender.py:send_request():246] send_request: stop_status
2022-06-09 17:00:54,113 DEBUG   SenderThread:16032 [sender.py:send():232] send: stats
2022-06-09 17:01:04,087 DEBUG   HandlerThread:16032 [handler.py:handle_request():141] handle_request: stop_status
2022-06-09 17:01:04,088 DEBUG   SenderThread:16032 [sender.py:send_request():246] send_request: stop_status
2022-06-09 17:01:19,296 DEBUG   HandlerThread:16032 [handler.py:handle_request():141] handle_request: stop_status
2022-06-09 17:01:19,296 DEBUG   SenderThread:16032 [sender.py:send_request():246] send_request: stop_status
2022-06-09 17:01:25,155 DEBUG   SenderThread:16032 [sender.py:send():232] send: stats
2022-06-09 17:01:34,437 DEBUG   HandlerThread:16032 [handler.py:handle_request():141] handle_request: stop_status
2022-06-09 17:01:34,437 DEBUG   SenderThread:16032 [sender.py:send_request():246] send_request: stop_status
2022-06-09 17:01:49,579 DEBUG   HandlerThread:16032 [handler.py:handle_request():141] handle_request: stop_status
2022-06-09 17:01:49,580 DEBUG   SenderThread:16032 [sender.py:send_request():246] send_request: stop_status
2022-06-09 17:01:56,163 DEBUG   SenderThread:16032 [sender.py:send():232] send: stats
2022-06-09 17:02:04,717 DEBUG   HandlerThread:16032 [handler.py:handle_request():141] handle_request: stop_status
2022-06-09 17:02:04,717 DEBUG   SenderThread:16032 [sender.py:send_request():246] send_request: stop_status
2022-06-09 17:02:19,864 DEBUG   HandlerThread:16032 [handler.py:handle_request():141] handle_request: stop_status
2022-06-09 17:02:19,865 DEBUG   SenderThread:16032 [sender.py:send_request():246] send_request: stop_status
2022-06-09 17:02:27,193 DEBUG   SenderThread:16032 [sender.py:send():232] send: stats
2022-06-09 17:02:35,072 DEBUG   HandlerThread:16032 [handler.py:handle_request():141] handle_request: stop_status
2022-06-09 17:02:35,073 DEBUG   SenderThread:16032 [sender.py:send_request():246] send_request: stop_status
2022-06-09 17:02:50,316 DEBUG   HandlerThread:16032 [handler.py:handle_request():141] handle_request: stop_status
2022-06-09 17:02:50,316 DEBUG   SenderThread:16032 [sender.py:send_request():246] send_request: stop_status
2022-06-09 17:02:58,176 DEBUG   SenderThread:16032 [sender.py:send():232] send: stats
2022-06-09 17:03:05,492 DEBUG   HandlerThread:16032 [handler.py:handle_request():141] handle_request: stop_status
2022-06-09 17:03:05,492 DEBUG   SenderThread:16032 [sender.py:send_request():246] send_request: stop_status
2022-06-09 17:03:20,696 DEBUG   HandlerThread:16032 [handler.py:handle_request():141] handle_request: stop_status
2022-06-09 17:03:20,696 DEBUG   SenderThread:16032 [sender.py:send_request():246] send_request: stop_status
2022-06-09 17:03:29,168 DEBUG   SenderThread:16032 [sender.py:send():232] send: stats
2022-06-09 17:03:35,965 DEBUG   HandlerThread:16032 [handler.py:handle_request():141] handle_request: stop_status
2022-06-09 17:03:35,965 DEBUG   SenderThread:16032 [sender.py:send_request():246] send_request: stop_status
2022-06-09 17:03:51,102 DEBUG   HandlerThread:16032 [handler.py:handle_request():141] handle_request: stop_status
2022-06-09 17:03:51,102 DEBUG   SenderThread:16032 [sender.py:send_request():246] send_request: stop_status
2022-06-09 17:04:00,164 DEBUG   SenderThread:16032 [sender.py:send():232] send: stats
2022-06-09 17:04:06,278 DEBUG   HandlerThread:16032 [handler.py:handle_request():141] handle_request: stop_status
2022-06-09 17:04:06,279 DEBUG   SenderThread:16032 [sender.py:send_request():246] send_request: stop_status
2022-06-09 17:04:21,527 DEBUG   HandlerThread:16032 [handler.py:handle_request():141] handle_request: stop_status
2022-06-09 17:04:21,528 DEBUG   SenderThread:16032 [sender.py:send_request():246] send_request: stop_status
2022-06-09 17:04:31,196 DEBUG   SenderThread:16032 [sender.py:send():232] send: stats
2022-06-09 17:04:36,673 DEBUG   HandlerThread:16032 [handler.py:handle_request():141] handle_request: stop_status
2022-06-09 17:04:36,673 DEBUG   SenderThread:16032 [sender.py:send_request():246] send_request: stop_status
2022-06-09 17:04:51,891 DEBUG   HandlerThread:16032 [handler.py:handle_request():141] handle_request: stop_status
2022-06-09 17:04:51,892 DEBUG   SenderThread:16032 [sender.py:send_request():246] send_request: stop_status
2022-06-09 17:05:02,166 DEBUG   SenderThread:16032 [sender.py:send():232] send: stats
2022-06-09 17:05:07,096 DEBUG   HandlerThread:16032 [handler.py:handle_request():141] handle_request: stop_status
2022-06-09 17:05:07,097 DEBUG   SenderThread:16032 [sender.py:send_request():246] send_request: stop_status
2022-06-09 17:05:22,391 DEBUG   HandlerThread:16032 [handler.py:handle_request():141] handle_request: stop_status
2022-06-09 17:05:22,391 DEBUG   SenderThread:16032 [sender.py:send_request():246] send_request: stop_status
2022-06-09 17:05:33,214 DEBUG   SenderThread:16032 [sender.py:send():232] send: stats
2022-06-09 17:05:37,535 DEBUG   HandlerThread:16032 [handler.py:handle_request():141] handle_request: stop_status
2022-06-09 17:05:37,535 DEBUG   SenderThread:16032 [sender.py:send_request():246] send_request: stop_status
2022-06-09 17:05:52,710 DEBUG   HandlerThread:16032 [handler.py:handle_request():141] handle_request: stop_status
2022-06-09 17:05:52,711 DEBUG   SenderThread:16032 [sender.py:send_request():246] send_request: stop_status
2022-06-09 17:06:04,249 DEBUG   SenderThread:16032 [sender.py:send():232] send: stats
2022-06-09 17:06:07,966 DEBUG   HandlerThread:16032 [handler.py:handle_request():141] handle_request: stop_status
2022-06-09 17:06:07,967 DEBUG   SenderThread:16032 [sender.py:send_request():246] send_request: stop_status
2022-06-09 17:06:23,147 DEBUG   HandlerThread:16032 [handler.py:handle_request():141] handle_request: stop_status
2022-06-09 17:06:23,148 DEBUG   SenderThread:16032 [sender.py:send_request():246] send_request: stop_status
2022-06-09 17:06:35,295 DEBUG   SenderThread:16032 [sender.py:send():232] send: stats
2022-06-09 17:06:38,349 DEBUG   HandlerThread:16032 [handler.py:handle_request():141] handle_request: stop_status
2022-06-09 17:06:38,350 DEBUG   SenderThread:16032 [sender.py:send_request():246] send_request: stop_status
2022-06-09 17:06:53,564 DEBUG   HandlerThread:16032 [handler.py:handle_request():141] handle_request: stop_status
2022-06-09 17:06:53,564 DEBUG   SenderThread:16032 [sender.py:send_request():246] send_request: stop_status
2022-06-09 17:07:06,410 DEBUG   SenderThread:16032 [sender.py:send():232] send: stats
2022-06-09 17:07:08,768 DEBUG   HandlerThread:16032 [handler.py:handle_request():141] handle_request: stop_status
2022-06-09 17:07:08,768 DEBUG   SenderThread:16032 [sender.py:send_request():246] send_request: stop_status
2022-06-09 17:07:23,973 DEBUG   HandlerThread:16032 [handler.py:handle_request():141] handle_request: stop_status
2022-06-09 17:07:23,974 DEBUG   SenderThread:16032 [sender.py:send_request():246] send_request: stop_status
2022-06-09 17:07:37,596 DEBUG   SenderThread:16032 [sender.py:send():232] send: stats
2022-06-09 17:07:39,178 DEBUG   HandlerThread:16032 [handler.py:handle_request():141] handle_request: stop_status
2022-06-09 17:07:39,178 DEBUG   SenderThread:16032 [sender.py:send_request():246] send_request: stop_status
2022-06-09 17:07:54,398 DEBUG   HandlerThread:16032 [handler.py:handle_request():141] handle_request: stop_status
2022-06-09 17:07:54,399 DEBUG   SenderThread:16032 [sender.py:send_request():246] send_request: stop_status
2022-06-09 17:08:08,708 DEBUG   SenderThread:16032 [sender.py:send():232] send: stats
2022-06-09 17:08:09,602 DEBUG   HandlerThread:16032 [handler.py:handle_request():141] handle_request: stop_status
2022-06-09 17:08:09,603 DEBUG   SenderThread:16032 [sender.py:send_request():246] send_request: stop_status
2022-06-09 17:08:24,805 DEBUG   HandlerThread:16032 [handler.py:handle_request():141] handle_request: stop_status
2022-06-09 17:08:24,805 DEBUG   SenderThread:16032 [sender.py:send_request():246] send_request: stop_status
2022-06-09 17:08:39,865 DEBUG   SenderThread:16032 [sender.py:send():232] send: stats
2022-06-09 17:08:40,076 DEBUG   HandlerThread:16032 [handler.py:handle_request():141] handle_request: stop_status
2022-06-09 17:08:40,076 DEBUG   SenderThread:16032 [sender.py:send_request():246] send_request: stop_status
2022-06-09 17:08:55,215 DEBUG   HandlerThread:16032 [handler.py:handle_request():141] handle_request: stop_status
2022-06-09 17:08:55,215 DEBUG   SenderThread:16032 [sender.py:send_request():246] send_request: stop_status
2022-06-09 17:09:10,429 DEBUG   HandlerThread:16032 [handler.py:handle_request():141] handle_request: stop_status
2022-06-09 17:09:10,430 DEBUG   SenderThread:16032 [sender.py:send_request():246] send_request: stop_status
2022-06-09 17:09:10,985 DEBUG   SenderThread:16032 [sender.py:send():232] send: stats
2022-06-09 17:09:25,626 DEBUG   HandlerThread:16032 [handler.py:handle_request():141] handle_request: stop_status
2022-06-09 17:09:25,627 DEBUG   SenderThread:16032 [sender.py:send_request():246] send_request: stop_status
2022-06-09 17:09:40,832 DEBUG   HandlerThread:16032 [handler.py:handle_request():141] handle_request: stop_status
2022-06-09 17:09:40,832 DEBUG   SenderThread:16032 [sender.py:send_request():246] send_request: stop_status
2022-06-09 17:09:42,045 DEBUG   SenderThread:16032 [sender.py:send():232] send: stats
2022-06-09 17:09:56,039 DEBUG   HandlerThread:16032 [handler.py:handle_request():141] handle_request: stop_status
2022-06-09 17:09:56,039 DEBUG   SenderThread:16032 [sender.py:send_request():246] send_request: stop_status
2022-06-09 17:10:11,263 DEBUG   HandlerThread:16032 [handler.py:handle_request():141] handle_request: stop_status
2022-06-09 17:10:11,263 DEBUG   SenderThread:16032 [sender.py:send_request():246] send_request: stop_status
2022-06-09 17:10:13,122 DEBUG   SenderThread:16032 [sender.py:send():232] send: stats
2022-06-09 17:10:26,503 DEBUG   HandlerThread:16032 [handler.py:handle_request():141] handle_request: stop_status
2022-06-09 17:10:26,503 DEBUG   SenderThread:16032 [sender.py:send_request():246] send_request: stop_status
2022-06-09 17:10:41,680 DEBUG   HandlerThread:16032 [handler.py:handle_request():141] handle_request: stop_status
2022-06-09 17:10:41,681 DEBUG   SenderThread:16032 [sender.py:send_request():246] send_request: stop_status
2022-06-09 17:10:44,224 DEBUG   SenderThread:16032 [sender.py:send():232] send: stats
2022-06-09 17:10:56,889 DEBUG   HandlerThread:16032 [handler.py:handle_request():141] handle_request: stop_status
2022-06-09 17:10:56,889 DEBUG   SenderThread:16032 [sender.py:send_request():246] send_request: stop_status
2022-06-09 17:11:12,096 DEBUG   HandlerThread:16032 [handler.py:handle_request():141] handle_request: stop_status
2022-06-09 17:11:12,096 DEBUG   SenderThread:16032 [sender.py:send_request():246] send_request: stop_status
2022-06-09 17:11:15,364 DEBUG   SenderThread:16032 [sender.py:send():232] send: stats
2022-06-09 17:11:27,311 DEBUG   HandlerThread:16032 [handler.py:handle_request():141] handle_request: stop_status
2022-06-09 17:11:27,312 DEBUG   SenderThread:16032 [sender.py:send_request():246] send_request: stop_status
2022-06-09 17:11:42,531 DEBUG   HandlerThread:16032 [handler.py:handle_request():141] handle_request: stop_status
2022-06-09 17:11:42,531 DEBUG   SenderThread:16032 [sender.py:send_request():246] send_request: stop_status
2022-06-09 17:11:46,466 DEBUG   SenderThread:16032 [sender.py:send():232] send: stats
2022-06-09 17:11:57,747 DEBUG   HandlerThread:16032 [handler.py:handle_request():141] handle_request: stop_status
2022-06-09 17:11:57,748 DEBUG   SenderThread:16032 [sender.py:send_request():246] send_request: stop_status
2022-06-09 17:12:13,109 DEBUG   HandlerThread:16032 [handler.py:handle_request():141] handle_request: stop_status
2022-06-09 17:12:13,109 DEBUG   SenderThread:16032 [sender.py:send_request():246] send_request: stop_status
2022-06-09 17:12:17,554 DEBUG   SenderThread:16032 [sender.py:send():232] send: stats
2022-06-09 17:12:28,366 DEBUG   HandlerThread:16032 [handler.py:handle_request():141] handle_request: stop_status
2022-06-09 17:12:28,367 DEBUG   SenderThread:16032 [sender.py:send_request():246] send_request: stop_status
2022-06-09 17:12:43,539 DEBUG   HandlerThread:16032 [handler.py:handle_request():141] handle_request: stop_status
2022-06-09 17:12:43,539 DEBUG   SenderThread:16032 [sender.py:send_request():246] send_request: stop_status
2022-06-09 17:12:48,659 DEBUG   SenderThread:16032 [sender.py:send():232] send: stats
2022-06-09 17:12:59,299 DEBUG   HandlerThread:16032 [handler.py:handle_request():141] handle_request: stop_status
2022-06-09 17:12:59,300 DEBUG   SenderThread:16032 [sender.py:send_request():246] send_request: stop_status
2022-06-09 17:13:14,473 DEBUG   HandlerThread:16032 [handler.py:handle_request():141] handle_request: stop_status
2022-06-09 17:13:14,474 DEBUG   SenderThread:16032 [sender.py:send_request():246] send_request: stop_status
2022-06-09 17:13:19,662 DEBUG   SenderThread:16032 [sender.py:send():232] send: stats
2022-06-09 17:13:29,687 DEBUG   HandlerThread:16032 [handler.py:handle_request():141] handle_request: stop_status
2022-06-09 17:13:29,688 DEBUG   SenderThread:16032 [sender.py:send_request():246] send_request: stop_status
2022-06-09 17:13:44,860 DEBUG   HandlerThread:16032 [handler.py:handle_request():141] handle_request: stop_status
2022-06-09 17:13:44,861 DEBUG   SenderThread:16032 [sender.py:send_request():246] send_request: stop_status
2022-06-09 17:13:50,650 DEBUG   SenderThread:16032 [sender.py:send():232] send: stats
2022-06-09 17:14:00,076 DEBUG   HandlerThread:16032 [handler.py:handle_request():141] handle_request: stop_status
2022-06-09 17:14:00,077 DEBUG   SenderThread:16032 [sender.py:send_request():246] send_request: stop_status
2022-06-09 17:14:15,236 DEBUG   HandlerThread:16032 [handler.py:handle_request():141] handle_request: stop_status
2022-06-09 17:14:15,237 DEBUG   SenderThread:16032 [sender.py:send_request():246] send_request: stop_status
2022-06-09 17:14:21,633 DEBUG   SenderThread:16032 [sender.py:send():232] send: stats
2022-06-09 17:14:30,486 DEBUG   HandlerThread:16032 [handler.py:handle_request():141] handle_request: stop_status
2022-06-09 17:14:30,487 DEBUG   SenderThread:16032 [sender.py:send_request():246] send_request: stop_status
2022-06-09 17:14:45,651 DEBUG   HandlerThread:16032 [handler.py:handle_request():141] handle_request: stop_status
2022-06-09 17:14:45,652 DEBUG   SenderThread:16032 [sender.py:send_request():246] send_request: stop_status
2022-06-09 17:14:52,602 DEBUG   SenderThread:16032 [sender.py:send():232] send: stats
2022-06-09 17:15:00,821 DEBUG   HandlerThread:16032 [handler.py:handle_request():141] handle_request: stop_status
2022-06-09 17:15:00,821 DEBUG   SenderThread:16032 [sender.py:send_request():246] send_request: stop_status
2022-06-09 17:15:15,977 DEBUG   HandlerThread:16032 [handler.py:handle_request():141] handle_request: stop_status
2022-06-09 17:15:15,977 DEBUG   SenderThread:16032 [sender.py:send_request():246] send_request: stop_status
2022-06-09 17:15:23,601 DEBUG   SenderThread:16032 [sender.py:send():232] send: stats
2022-06-09 17:15:31,152 DEBUG   HandlerThread:16032 [handler.py:handle_request():141] handle_request: stop_status
2022-06-09 17:15:31,153 DEBUG   SenderThread:16032 [sender.py:send_request():246] send_request: stop_status
2022-06-09 17:15:46,315 DEBUG   HandlerThread:16032 [handler.py:handle_request():141] handle_request: stop_status
2022-06-09 17:15:46,315 DEBUG   SenderThread:16032 [sender.py:send_request():246] send_request: stop_status
2022-06-09 17:15:54,597 DEBUG   SenderThread:16032 [sender.py:send():232] send: stats
2022-06-09 17:16:01,561 DEBUG   HandlerThread:16032 [handler.py:handle_request():141] handle_request: stop_status
2022-06-09 17:16:01,561 DEBUG   SenderThread:16032 [sender.py:send_request():246] send_request: stop_status
2022-06-09 17:16:17,134 DEBUG   HandlerThread:16032 [handler.py:handle_request():141] handle_request: stop_status
2022-06-09 17:16:17,135 DEBUG   SenderThread:16032 [sender.py:send_request():246] send_request: stop_status
2022-06-09 17:16:25,453 DEBUG   SenderThread:16032 [sender.py:send():232] send: stats
2022-06-09 17:16:32,370 DEBUG   HandlerThread:16032 [handler.py:handle_request():141] handle_request: stop_status
2022-06-09 17:16:32,370 DEBUG   SenderThread:16032 [sender.py:send_request():246] send_request: stop_status
2022-06-09 17:16:47,705 DEBUG   HandlerThread:16032 [handler.py:handle_request():141] handle_request: stop_status
2022-06-09 17:16:47,705 DEBUG   SenderThread:16032 [sender.py:send_request():246] send_request: stop_status
2022-06-09 17:16:56,352 DEBUG   SenderThread:16032 [sender.py:send():232] send: stats
2022-06-09 17:17:02,918 DEBUG   HandlerThread:16032 [handler.py:handle_request():141] handle_request: stop_status
2022-06-09 17:17:02,919 DEBUG   SenderThread:16032 [sender.py:send_request():246] send_request: stop_status
2022-06-09 17:17:18,435 DEBUG   HandlerThread:16032 [handler.py:handle_request():141] handle_request: stop_status
2022-06-09 17:17:18,436 DEBUG   SenderThread:16032 [sender.py:send_request():246] send_request: stop_status
2022-06-09 17:17:27,345 DEBUG   SenderThread:16032 [sender.py:send():232] send: stats
2022-06-09 17:17:33,781 DEBUG   HandlerThread:16032 [handler.py:handle_request():141] handle_request: stop_status
2022-06-09 17:17:33,781 DEBUG   SenderThread:16032 [sender.py:send_request():246] send_request: stop_status
2022-06-09 17:17:49,461 DEBUG   HandlerThread:16032 [handler.py:handle_request():141] handle_request: stop_status
2022-06-09 17:17:49,462 DEBUG   SenderThread:16032 [sender.py:send_request():246] send_request: stop_status
2022-06-09 17:17:58,365 DEBUG   SenderThread:16032 [sender.py:send():232] send: stats
2022-06-09 17:18:04,651 DEBUG   HandlerThread:16032 [handler.py:handle_request():141] handle_request: stop_status
2022-06-09 17:18:04,651 DEBUG   SenderThread:16032 [sender.py:send_request():246] send_request: stop_status
2022-06-09 17:18:20,033 DEBUG   HandlerThread:16032 [handler.py:handle_request():141] handle_request: stop_status
2022-06-09 17:18:20,033 DEBUG   SenderThread:16032 [sender.py:send_request():246] send_request: stop_status
2022-06-09 17:18:29,339 DEBUG   SenderThread:16032 [sender.py:send():232] send: stats
2022-06-09 17:18:35,198 DEBUG   HandlerThread:16032 [handler.py:handle_request():141] handle_request: stop_status
2022-06-09 17:18:35,198 DEBUG   SenderThread:16032 [sender.py:send_request():246] send_request: stop_status
2022-06-09 17:18:50,434 DEBUG   HandlerThread:16032 [handler.py:handle_request():141] handle_request: stop_status
2022-06-09 17:18:50,435 DEBUG   SenderThread:16032 [sender.py:send_request():246] send_request: stop_status
2022-06-09 17:19:00,360 DEBUG   SenderThread:16032 [sender.py:send():232] send: stats
2022-06-09 17:19:05,598 DEBUG   HandlerThread:16032 [handler.py:handle_request():141] handle_request: stop_status
2022-06-09 17:19:05,599 DEBUG   SenderThread:16032 [sender.py:send_request():246] send_request: stop_status
2022-06-09 17:19:20,771 DEBUG   HandlerThread:16032 [handler.py:handle_request():141] handle_request: stop_status
2022-06-09 17:19:20,772 DEBUG   SenderThread:16032 [sender.py:send_request():246] send_request: stop_status
2022-06-09 17:19:31,384 DEBUG   SenderThread:16032 [sender.py:send():232] send: stats
2022-06-09 17:19:35,939 DEBUG   HandlerThread:16032 [handler.py:handle_request():141] handle_request: stop_status
2022-06-09 17:19:35,939 DEBUG   SenderThread:16032 [sender.py:send_request():246] send_request: stop_status
2022-06-09 17:19:51,268 DEBUG   HandlerThread:16032 [handler.py:handle_request():141] handle_request: stop_status
2022-06-09 17:19:51,268 DEBUG   SenderThread:16032 [sender.py:send_request():246] send_request: stop_status
2022-06-09 17:20:02,395 DEBUG   SenderThread:16032 [sender.py:send():232] send: stats
2022-06-09 17:20:06,423 DEBUG   HandlerThread:16032 [handler.py:handle_request():141] handle_request: stop_status
2022-06-09 17:20:06,423 DEBUG   SenderThread:16032 [sender.py:send_request():246] send_request: stop_status
2022-06-09 17:20:21,667 DEBUG   HandlerThread:16032 [handler.py:handle_request():141] handle_request: stop_status
2022-06-09 17:20:21,667 DEBUG   SenderThread:16032 [sender.py:send_request():246] send_request: stop_status
2022-06-09 17:20:33,361 DEBUG   SenderThread:16032 [sender.py:send():232] send: stats
2022-06-09 17:20:36,895 DEBUG   HandlerThread:16032 [handler.py:handle_request():141] handle_request: stop_status
2022-06-09 17:20:36,896 DEBUG   SenderThread:16032 [sender.py:send_request():246] send_request: stop_status
2022-06-09 17:20:52,089 DEBUG   HandlerThread:16032 [handler.py:handle_request():141] handle_request: stop_status
2022-06-09 17:20:52,089 DEBUG   SenderThread:16032 [sender.py:send_request():246] send_request: stop_status
2022-06-09 17:21:04,359 DEBUG   SenderThread:16032 [sender.py:send():232] send: stats
2022-06-09 17:21:07,278 DEBUG   HandlerThread:16032 [handler.py:handle_request():141] handle_request: stop_status
2022-06-09 17:21:07,279 DEBUG   SenderThread:16032 [sender.py:send_request():246] send_request: stop_status
2022-06-09 17:21:22,515 DEBUG   HandlerThread:16032 [handler.py:handle_request():141] handle_request: stop_status
2022-06-09 17:21:22,515 DEBUG   SenderThread:16032 [sender.py:send_request():246] send_request: stop_status
2022-06-09 17:21:35,395 DEBUG   SenderThread:16032 [sender.py:send():232] send: stats
2022-06-09 17:21:37,676 DEBUG   HandlerThread:16032 [handler.py:handle_request():141] handle_request: stop_status
2022-06-09 17:21:37,677 DEBUG   SenderThread:16032 [sender.py:send_request():246] send_request: stop_status
2022-06-09 17:21:52,837 DEBUG   HandlerThread:16032 [handler.py:handle_request():141] handle_request: stop_status
2022-06-09 17:21:52,837 DEBUG   SenderThread:16032 [sender.py:send_request():246] send_request: stop_status
2022-06-09 17:22:06,487 DEBUG   SenderThread:16032 [sender.py:send():232] send: stats
2022-06-09 17:22:08,006 DEBUG   HandlerThread:16032 [handler.py:handle_request():141] handle_request: stop_status
2022-06-09 17:22:08,007 DEBUG   SenderThread:16032 [sender.py:send_request():246] send_request: stop_status
2022-06-09 17:22:23,173 DEBUG   HandlerThread:16032 [handler.py:handle_request():141] handle_request: stop_status
2022-06-09 17:22:23,174 DEBUG   SenderThread:16032 [sender.py:send_request():246] send_request: stop_status
2022-06-09 17:22:37,535 DEBUG   SenderThread:16032 [sender.py:send():232] send: stats
2022-06-09 17:22:38,333 DEBUG   HandlerThread:16032 [handler.py:handle_request():141] handle_request: stop_status
2022-06-09 17:22:38,333 DEBUG   SenderThread:16032 [sender.py:send_request():246] send_request: stop_status
2022-06-09 17:22:53,500 DEBUG   HandlerThread:16032 [handler.py:handle_request():141] handle_request: stop_status
2022-06-09 17:22:53,500 DEBUG   SenderThread:16032 [sender.py:send_request():246] send_request: stop_status
2022-06-09 17:23:08,515 DEBUG   SenderThread:16032 [sender.py:send():232] send: stats
2022-06-09 17:23:08,664 DEBUG   HandlerThread:16032 [handler.py:handle_request():141] handle_request: stop_status
2022-06-09 17:23:08,665 DEBUG   SenderThread:16032 [sender.py:send_request():246] send_request: stop_status
2022-06-09 17:23:23,831 DEBUG   HandlerThread:16032 [handler.py:handle_request():141] handle_request: stop_status
2022-06-09 17:23:23,832 DEBUG   SenderThread:16032 [sender.py:send_request():246] send_request: stop_status
2022-06-09 17:23:39,000 DEBUG   HandlerThread:16032 [handler.py:handle_request():141] handle_request: stop_status
2022-06-09 17:23:39,000 DEBUG   SenderThread:16032 [sender.py:send_request():246] send_request: stop_status
2022-06-09 17:23:39,540 DEBUG   SenderThread:16032 [sender.py:send():232] send: stats
2022-06-09 17:23:54,166 DEBUG   HandlerThread:16032 [handler.py:handle_request():141] handle_request: stop_status
2022-06-09 17:23:54,167 DEBUG   SenderThread:16032 [sender.py:send_request():246] send_request: stop_status
2022-06-09 17:24:09,483 DEBUG   HandlerThread:16032 [handler.py:handle_request():141] handle_request: stop_status
2022-06-09 17:24:09,484 DEBUG   SenderThread:16032 [sender.py:send_request():246] send_request: stop_status
2022-06-09 17:24:10,524 DEBUG   SenderThread:16032 [sender.py:send():232] send: stats
2022-06-09 17:24:24,689 DEBUG   HandlerThread:16032 [handler.py:handle_request():141] handle_request: stop_status
2022-06-09 17:24:24,690 DEBUG   SenderThread:16032 [sender.py:send_request():246] send_request: stop_status
2022-06-09 17:24:39,918 DEBUG   HandlerThread:16032 [handler.py:handle_request():141] handle_request: stop_status
2022-06-09 17:24:39,919 DEBUG   SenderThread:16032 [sender.py:send_request():246] send_request: stop_status
2022-06-09 17:24:41,556 DEBUG   SenderThread:16032 [sender.py:send():232] send: stats
2022-06-09 17:24:55,636 DEBUG   HandlerThread:16032 [handler.py:handle_request():141] handle_request: stop_status
2022-06-09 17:24:55,637 DEBUG   SenderThread:16032 [sender.py:send_request():246] send_request: stop_status
2022-06-09 17:25:10,838 DEBUG   HandlerThread:16032 [handler.py:handle_request():141] handle_request: stop_status
2022-06-09 17:25:10,839 DEBUG   SenderThread:16032 [sender.py:send_request():246] send_request: stop_status
2022-06-09 17:25:12,553 DEBUG   SenderThread:16032 [sender.py:send():232] send: stats
2022-06-09 17:25:26,112 DEBUG   HandlerThread:16032 [handler.py:handle_request():141] handle_request: stop_status
2022-06-09 17:25:26,113 DEBUG   SenderThread:16032 [sender.py:send_request():246] send_request: stop_status
2022-06-09 17:25:41,282 DEBUG   HandlerThread:16032 [handler.py:handle_request():141] handle_request: stop_status
2022-06-09 17:25:41,283 DEBUG   SenderThread:16032 [sender.py:send_request():246] send_request: stop_status
2022-06-09 17:25:43,569 DEBUG   SenderThread:16032 [sender.py:send():232] send: stats
2022-06-09 17:25:56,540 DEBUG   HandlerThread:16032 [handler.py:handle_request():141] handle_request: stop_status
2022-06-09 17:25:56,541 DEBUG   SenderThread:16032 [sender.py:send_request():246] send_request: stop_status
2022-06-09 17:26:11,699 DEBUG   HandlerThread:16032 [handler.py:handle_request():141] handle_request: stop_status
2022-06-09 17:26:11,699 DEBUG   SenderThread:16032 [sender.py:send_request():246] send_request: stop_status
2022-06-09 17:26:14,593 DEBUG   SenderThread:16032 [sender.py:send():232] send: stats
2022-06-09 17:26:26,874 DEBUG   HandlerThread:16032 [handler.py:handle_request():141] handle_request: stop_status
2022-06-09 17:26:26,875 DEBUG   SenderThread:16032 [sender.py:send_request():246] send_request: stop_status
2022-06-09 17:26:42,044 DEBUG   HandlerThread:16032 [handler.py:handle_request():141] handle_request: stop_status
2022-06-09 17:26:42,045 DEBUG   SenderThread:16032 [sender.py:send_request():246] send_request: stop_status
2022-06-09 17:26:45,562 DEBUG   SenderThread:16032 [sender.py:send():232] send: stats
2022-06-09 17:26:57,453 DEBUG   HandlerThread:16032 [handler.py:handle_request():141] handle_request: stop_status
2022-06-09 17:26:57,453 DEBUG   SenderThread:16032 [sender.py:send_request():246] send_request: stop_status
2022-06-09 17:27:12,626 DEBUG   HandlerThread:16032 [handler.py:handle_request():141] handle_request: stop_status
2022-06-09 17:27:12,627 DEBUG   SenderThread:16032 [sender.py:send_request():246] send_request: stop_status
2022-06-09 17:27:16,579 DEBUG   SenderThread:16032 [sender.py:send():232] send: stats
2022-06-09 17:27:28,378 DEBUG   HandlerThread:16032 [handler.py:handle_request():141] handle_request: stop_status
2022-06-09 17:27:28,379 DEBUG   SenderThread:16032 [sender.py:send_request():246] send_request: stop_status
2022-06-09 17:27:43,545 DEBUG   HandlerThread:16032 [handler.py:handle_request():141] handle_request: stop_status
2022-06-09 17:27:43,545 DEBUG   SenderThread:16032 [sender.py:send_request():246] send_request: stop_status
2022-06-09 17:27:47,558 DEBUG   SenderThread:16032 [sender.py:send():232] send: stats
2022-06-09 17:27:58,735 DEBUG   HandlerThread:16032 [handler.py:handle_request():141] handle_request: stop_status
2022-06-09 17:27:58,735 DEBUG   SenderThread:16032 [sender.py:send_request():246] send_request: stop_status
2022-06-09 17:28:13,942 DEBUG   HandlerThread:16032 [handler.py:handle_request():141] handle_request: stop_status
2022-06-09 17:28:13,943 DEBUG   SenderThread:16032 [sender.py:send_request():246] send_request: stop_status
2022-06-09 17:28:18,580 DEBUG   SenderThread:16032 [sender.py:send():232] send: stats
2022-06-09 17:28:29,103 DEBUG   HandlerThread:16032 [handler.py:handle_request():141] handle_request: stop_status
2022-06-09 17:28:29,104 DEBUG   SenderThread:16032 [sender.py:send_request():246] send_request: stop_status
2022-06-09 17:28:44,372 DEBUG   HandlerThread:16032 [handler.py:handle_request():141] handle_request: stop_status
2022-06-09 17:28:44,373 DEBUG   SenderThread:16032 [sender.py:send_request():246] send_request: stop_status
2022-06-09 17:28:49,580 DEBUG   SenderThread:16032 [sender.py:send():232] send: stats
2022-06-09 17:28:59,538 DEBUG   HandlerThread:16032 [handler.py:handle_request():141] handle_request: stop_status
2022-06-09 17:28:59,538 DEBUG   SenderThread:16032 [sender.py:send_request():246] send_request: stop_status
2022-06-09 17:29:14,796 DEBUG   HandlerThread:16032 [handler.py:handle_request():141] handle_request: stop_status
2022-06-09 17:29:14,797 DEBUG   SenderThread:16032 [sender.py:send_request():246] send_request: stop_status
2022-06-09 17:29:20,582 DEBUG   SenderThread:16032 [sender.py:send():232] send: stats
2022-06-09 17:29:29,963 DEBUG   HandlerThread:16032 [handler.py:handle_request():141] handle_request: stop_status
2022-06-09 17:29:29,964 DEBUG   SenderThread:16032 [sender.py:send_request():246] send_request: stop_status
2022-06-09 17:29:45,272 DEBUG   HandlerThread:16032 [handler.py:handle_request():141] handle_request: stop_status
2022-06-09 17:29:45,272 DEBUG   SenderThread:16032 [sender.py:send_request():246] send_request: stop_status
2022-06-09 17:29:51,578 DEBUG   SenderThread:16032 [sender.py:send():232] send: stats
2022-06-09 17:30:00,472 DEBUG   HandlerThread:16032 [handler.py:handle_request():141] handle_request: stop_status
2022-06-09 17:30:00,473 DEBUG   SenderThread:16032 [sender.py:send_request():246] send_request: stop_status
2022-06-09 17:30:15,697 DEBUG   HandlerThread:16032 [handler.py:handle_request():141] handle_request: stop_status
2022-06-09 17:30:15,698 DEBUG   SenderThread:16032 [sender.py:send_request():246] send_request: stop_status
2022-06-09 17:30:22,489 DEBUG   SenderThread:16032 [sender.py:send():232] send: stats
2022-06-09 17:30:30,956 DEBUG   HandlerThread:16032 [handler.py:handle_request():141] handle_request: stop_status
2022-06-09 17:30:30,957 DEBUG   SenderThread:16032 [sender.py:send_request():246] send_request: stop_status
2022-06-09 17:30:46,126 DEBUG   HandlerThread:16032 [handler.py:handle_request():141] handle_request: stop_status
2022-06-09 17:30:46,127 DEBUG   SenderThread:16032 [sender.py:send_request():246] send_request: stop_status
2022-06-09 17:30:53,506 DEBUG   SenderThread:16032 [sender.py:send():232] send: stats
2022-06-09 17:31:01,342 DEBUG   HandlerThread:16032 [handler.py:handle_request():141] handle_request: stop_status
2022-06-09 17:31:01,343 DEBUG   SenderThread:16032 [sender.py:send_request():246] send_request: stop_status
2022-06-09 17:31:16,503 DEBUG   HandlerThread:16032 [handler.py:handle_request():141] handle_request: stop_status
2022-06-09 17:31:16,503 DEBUG   SenderThread:16032 [sender.py:send_request():246] send_request: stop_status
2022-06-09 17:31:24,415 DEBUG   SenderThread:16032 [sender.py:send():232] send: stats
2022-06-09 17:31:31,676 DEBUG   HandlerThread:16032 [handler.py:handle_request():141] handle_request: stop_status
2022-06-09 17:31:31,676 DEBUG   SenderThread:16032 [sender.py:send_request():246] send_request: stop_status
2022-06-09 17:31:46,938 DEBUG   HandlerThread:16032 [handler.py:handle_request():141] handle_request: stop_status
2022-06-09 17:31:46,938 DEBUG   SenderThread:16032 [sender.py:send_request():246] send_request: stop_status
2022-06-09 17:31:55,367 DEBUG   SenderThread:16032 [sender.py:send():232] send: stats
2022-06-09 17:32:02,129 DEBUG   HandlerThread:16032 [handler.py:handle_request():141] handle_request: stop_status
2022-06-09 17:32:02,129 DEBUG   SenderThread:16032 [sender.py:send_request():246] send_request: stop_status
2022-06-09 17:32:17,470 DEBUG   HandlerThread:16032 [handler.py:handle_request():141] handle_request: stop_status
2022-06-09 17:32:17,470 DEBUG   SenderThread:16032 [sender.py:send_request():246] send_request: stop_status
2022-06-09 17:32:26,305 DEBUG   SenderThread:16032 [sender.py:send():232] send: stats
2022-06-09 17:32:32,732 DEBUG   HandlerThread:16032 [handler.py:handle_request():141] handle_request: stop_status
2022-06-09 17:32:32,733 DEBUG   SenderThread:16032 [sender.py:send_request():246] send_request: stop_status
2022-06-09 17:32:48,042 DEBUG   HandlerThread:16032 [handler.py:handle_request():141] handle_request: stop_status
2022-06-09 17:32:48,042 DEBUG   SenderThread:16032 [sender.py:send_request():246] send_request: stop_status
2022-06-09 17:32:57,209 DEBUG   SenderThread:16032 [sender.py:send():232] send: stats
2022-06-09 17:33:03,337 DEBUG   HandlerThread:16032 [handler.py:handle_request():141] handle_request: stop_status
2022-06-09 17:33:03,337 DEBUG   SenderThread:16032 [sender.py:send_request():246] send_request: stop_status
2022-06-09 17:33:18,544 DEBUG   HandlerThread:16032 [handler.py:handle_request():141] handle_request: stop_status
2022-06-09 17:33:18,545 DEBUG   SenderThread:16032 [sender.py:send_request():246] send_request: stop_status
2022-06-09 17:33:28,250 DEBUG   SenderThread:16032 [sender.py:send():232] send: stats
2022-06-09 17:33:33,797 DEBUG   HandlerThread:16032 [handler.py:handle_request():141] handle_request: stop_status
2022-06-09 17:33:33,798 DEBUG   SenderThread:16032 [sender.py:send_request():246] send_request: stop_status
2022-06-09 17:33:48,973 DEBUG   HandlerThread:16032 [handler.py:handle_request():141] handle_request: stop_status
2022-06-09 17:33:48,974 DEBUG   SenderThread:16032 [sender.py:send_request():246] send_request: stop_status
2022-06-09 17:33:59,218 DEBUG   SenderThread:16032 [sender.py:send():232] send: stats
2022-06-09 17:34:04,133 DEBUG   HandlerThread:16032 [handler.py:handle_request():141] handle_request: stop_status
2022-06-09 17:34:04,134 DEBUG   SenderThread:16032 [sender.py:send_request():246] send_request: stop_status
2022-06-09 17:34:19,504 DEBUG   HandlerThread:16032 [handler.py:handle_request():141] handle_request: stop_status
2022-06-09 17:34:19,505 DEBUG   SenderThread:16032 [sender.py:send_request():246] send_request: stop_status
2022-06-09 17:34:30,205 DEBUG   SenderThread:16032 [sender.py:send():232] send: stats
2022-06-09 17:34:34,660 DEBUG   HandlerThread:16032 [handler.py:handle_request():141] handle_request: stop_status
2022-06-09 17:34:34,660 DEBUG   SenderThread:16032 [sender.py:send_request():246] send_request: stop_status
2022-06-09 17:34:49,871 DEBUG   HandlerThread:16032 [handler.py:handle_request():141] handle_request: stop_status
2022-06-09 17:34:49,872 DEBUG   SenderThread:16032 [sender.py:send_request():246] send_request: stop_status
2022-06-09 17:35:01,205 DEBUG   SenderThread:16032 [sender.py:send():232] send: stats
2022-06-09 17:35:05,038 DEBUG   HandlerThread:16032 [handler.py:handle_request():141] handle_request: stop_status
2022-06-09 17:35:05,039 DEBUG   SenderThread:16032 [sender.py:send_request():246] send_request: stop_status
2022-06-09 17:35:20,368 DEBUG   HandlerThread:16032 [handler.py:handle_request():141] handle_request: stop_status
2022-06-09 17:35:20,368 DEBUG   SenderThread:16032 [sender.py:send_request():246] send_request: stop_status
2022-06-09 17:35:32,190 DEBUG   SenderThread:16032 [sender.py:send():232] send: stats
2022-06-09 17:35:35,528 DEBUG   HandlerThread:16032 [handler.py:handle_request():141] handle_request: stop_status
2022-06-09 17:35:35,529 DEBUG   SenderThread:16032 [sender.py:send_request():246] send_request: stop_status
2022-06-09 17:35:50,739 DEBUG   HandlerThread:16032 [handler.py:handle_request():141] handle_request: stop_status
2022-06-09 17:35:50,740 DEBUG   SenderThread:16032 [sender.py:send_request():246] send_request: stop_status
2022-06-09 17:36:03,225 DEBUG   SenderThread:16032 [sender.py:send():232] send: stats
2022-06-09 17:36:05,917 DEBUG   HandlerThread:16032 [handler.py:handle_request():141] handle_request: stop_status
2022-06-09 17:36:05,918 DEBUG   SenderThread:16032 [sender.py:send_request():246] send_request: stop_status
2022-06-09 17:36:21,172 DEBUG   HandlerThread:16032 [handler.py:handle_request():141] handle_request: stop_status
2022-06-09 17:36:21,173 DEBUG   SenderThread:16032 [sender.py:send_request():246] send_request: stop_status
2022-06-09 17:36:34,241 DEBUG   SenderThread:16032 [sender.py:send():232] send: stats
2022-06-09 17:36:36,347 DEBUG   HandlerThread:16032 [handler.py:handle_request():141] handle_request: stop_status
2022-06-09 17:36:36,348 DEBUG   SenderThread:16032 [sender.py:send_request():246] send_request: stop_status
2022-06-09 17:36:51,555 DEBUG   HandlerThread:16032 [handler.py:handle_request():141] handle_request: stop_status
2022-06-09 17:36:51,556 DEBUG   SenderThread:16032 [sender.py:send_request():246] send_request: stop_status
2022-06-09 17:37:05,254 DEBUG   SenderThread:16032 [sender.py:send():232] send: stats
2022-06-09 17:37:07,423 DEBUG   HandlerThread:16032 [handler.py:handle_request():141] handle_request: stop_status
2022-06-09 17:37:07,423 DEBUG   SenderThread:16032 [sender.py:send_request():246] send_request: stop_status
2022-06-09 17:37:22,595 DEBUG   HandlerThread:16032 [handler.py:handle_request():141] handle_request: stop_status
2022-06-09 17:37:22,595 DEBUG   SenderThread:16032 [sender.py:send_request():246] send_request: stop_status
2022-06-09 17:37:36,246 DEBUG   SenderThread:16032 [sender.py:send():232] send: stats
2022-06-09 17:37:37,878 DEBUG   HandlerThread:16032 [handler.py:handle_request():141] handle_request: stop_status
2022-06-09 17:37:37,878 DEBUG   SenderThread:16032 [sender.py:send_request():246] send_request: stop_status
2022-06-09 17:37:53,042 DEBUG   HandlerThread:16032 [handler.py:handle_request():141] handle_request: stop_status
2022-06-09 17:37:53,043 DEBUG   SenderThread:16032 [sender.py:send_request():246] send_request: stop_status
2022-06-09 17:38:07,217 DEBUG   SenderThread:16032 [sender.py:send():232] send: stats
2022-06-09 17:38:08,208 DEBUG   HandlerThread:16032 [handler.py:handle_request():141] handle_request: stop_status
2022-06-09 17:38:08,209 DEBUG   SenderThread:16032 [sender.py:send_request():246] send_request: stop_status
2022-06-09 17:38:23,852 DEBUG   HandlerThread:16032 [handler.py:handle_request():141] handle_request: stop_status
2022-06-09 17:38:23,852 DEBUG   SenderThread:16032 [sender.py:send_request():246] send_request: stop_status
2022-06-09 17:38:38,200 DEBUG   SenderThread:16032 [sender.py:send():232] send: stats
2022-06-09 17:38:39,100 DEBUG   HandlerThread:16032 [handler.py:handle_request():141] handle_request: stop_status
2022-06-09 17:38:39,100 DEBUG   SenderThread:16032 [sender.py:send_request():246] send_request: stop_status
2022-06-09 17:38:55,173 DEBUG   HandlerThread:16032 [handler.py:handle_request():141] handle_request: stop_status
2022-06-09 17:38:55,174 DEBUG   SenderThread:16032 [sender.py:send_request():246] send_request: stop_status
2022-06-09 17:39:09,138 DEBUG   SenderThread:16032 [sender.py:send():232] send: stats
2022-06-09 17:39:10,335 DEBUG   HandlerThread:16032 [handler.py:handle_request():141] handle_request: stop_status
2022-06-09 17:39:10,335 DEBUG   SenderThread:16032 [sender.py:send_request():246] send_request: stop_status
2022-06-09 17:39:25,493 DEBUG   HandlerThread:16032 [handler.py:handle_request():141] handle_request: stop_status
2022-06-09 17:39:25,493 DEBUG   SenderThread:16032 [sender.py:send_request():246] send_request: stop_status
2022-06-09 17:39:40,076 DEBUG   SenderThread:16032 [sender.py:send():232] send: stats
2022-06-09 17:39:40,649 DEBUG   HandlerThread:16032 [handler.py:handle_request():141] handle_request: stop_status
2022-06-09 17:39:40,649 DEBUG   SenderThread:16032 [sender.py:send_request():246] send_request: stop_status
2022-06-09 17:39:55,879 DEBUG   HandlerThread:16032 [handler.py:handle_request():141] handle_request: stop_status
2022-06-09 17:39:55,879 DEBUG   SenderThread:16032 [sender.py:send_request():246] send_request: stop_status
2022-06-09 17:40:10,913 DEBUG   SenderThread:16032 [sender.py:send():232] send: stats
2022-06-09 17:40:11,196 DEBUG   HandlerThread:16032 [handler.py:handle_request():141] handle_request: stop_status
2022-06-09 17:40:11,197 DEBUG   SenderThread:16032 [sender.py:send_request():246] send_request: stop_status
2022-06-09 17:40:26,379 DEBUG   HandlerThread:16032 [handler.py:handle_request():141] handle_request: stop_status
2022-06-09 17:40:26,379 DEBUG   SenderThread:16032 [sender.py:send_request():246] send_request: stop_status
2022-06-09 17:40:41,669 DEBUG   HandlerThread:16032 [handler.py:handle_request():141] handle_request: stop_status
2022-06-09 17:40:41,670 DEBUG   SenderThread:16032 [sender.py:send_request():246] send_request: stop_status
2022-06-09 17:40:41,922 DEBUG   SenderThread:16032 [sender.py:send():232] send: stats
2022-06-09 17:40:56,863 DEBUG   HandlerThread:16032 [handler.py:handle_request():141] handle_request: stop_status
2022-06-09 17:40:56,864 DEBUG   SenderThread:16032 [sender.py:send_request():246] send_request: stop_status
2022-06-09 17:41:12,034 DEBUG   HandlerThread:16032 [handler.py:handle_request():141] handle_request: stop_status
2022-06-09 17:41:12,035 DEBUG   SenderThread:16032 [sender.py:send_request():246] send_request: stop_status
2022-06-09 17:41:12,870 DEBUG   SenderThread:16032 [sender.py:send():232] send: stats
2022-06-09 17:41:27,198 DEBUG   HandlerThread:16032 [handler.py:handle_request():141] handle_request: stop_status
2022-06-09 17:41:27,199 DEBUG   SenderThread:16032 [sender.py:send_request():246] send_request: stop_status
2022-06-09 17:41:42,380 DEBUG   HandlerThread:16032 [handler.py:handle_request():141] handle_request: stop_status
2022-06-09 17:41:42,381 DEBUG   SenderThread:16032 [sender.py:send_request():246] send_request: stop_status
2022-06-09 17:41:43,836 DEBUG   SenderThread:16032 [sender.py:send():232] send: stats
2022-06-09 17:41:57,587 DEBUG   HandlerThread:16032 [handler.py:handle_request():141] handle_request: stop_status
2022-06-09 17:41:57,587 DEBUG   SenderThread:16032 [sender.py:send_request():246] send_request: stop_status
2022-06-09 17:42:13,209 DEBUG   HandlerThread:16032 [handler.py:handle_request():141] handle_request: stop_status
2022-06-09 17:42:13,210 DEBUG   SenderThread:16032 [sender.py:send_request():246] send_request: stop_status
2022-06-09 17:42:14,843 DEBUG   SenderThread:16032 [sender.py:send():232] send: stats
2022-06-09 17:42:28,453 DEBUG   HandlerThread:16032 [handler.py:handle_request():141] handle_request: stop_status
2022-06-09 17:42:28,454 DEBUG   SenderThread:16032 [sender.py:send_request():246] send_request: stop_status
2022-06-09 17:42:43,655 DEBUG   HandlerThread:16032 [handler.py:handle_request():141] handle_request: stop_status
2022-06-09 17:42:43,655 DEBUG   SenderThread:16032 [sender.py:send_request():246] send_request: stop_status
2022-06-09 17:42:44,617 WARNING MainThread:16032 [internal.py:wandb_internal():153] Internal process interrupt: 1
2022-06-09 17:42:44,643 DEBUG   SenderThread:16032 [sender.py:send():232] send: telemetry
